<?xml version="1.0" encoding="UTF-8" standalone="no"?>
<!DOCTYPE log SYSTEM "logger.dtd">
<log>
<record>
  <date>2020-02-27T10:56:02</date>
  <millis>1582775762270</millis>
  <sequence>0</sequence>
  <level>START</level>
  <class>com.kms.katalon.core.logging.XmlKeywordLogger</class>
  <method>startSuite</method>
  <thread>1</thread>
  <message>Start Test Suite : Test Suites/SC - Login</message>
  <nestedLevel>0</nestedLevel>
  <property name="name">SC - Login</property>
  <property name="description"></property>
  <property name="id">Test Suites/SC - Login</property>
</record>
<record>
  <date>2020-02-27T10:56:02</date>
  <millis>1582775762288</millis>
  <sequence>1</sequence>
  <level>RUN_DATA</level>
  <class>com.kms.katalon.core.logging.XmlKeywordLogger</class>
  <method>logMessage</method>
  <thread>1</thread>
  <message>hostName = dwiyunitasari - 10.201.32.166</message>
  <nestedLevel>0</nestedLevel>
  <property name="hostName">dwiyunitasari - 10.201.32.166</property>
</record>
<record>
  <date>2020-02-27T10:56:02</date>
  <millis>1582775762289</millis>
  <sequence>2</sequence>
  <level>RUN_DATA</level>
  <class>com.kms.katalon.core.logging.XmlKeywordLogger</class>
  <method>logMessage</method>
  <thread>1</thread>
  <message>os = Mac OS X 64bit</message>
  <nestedLevel>0</nestedLevel>
  <property name="os">Mac OS X 64bit</property>
</record>
<record>
  <date>2020-02-27T10:56:02</date>
  <millis>1582775762289</millis>
  <sequence>3</sequence>
  <level>RUN_DATA</level>
  <class>com.kms.katalon.core.logging.XmlKeywordLogger</class>
  <method>logMessage</method>
  <thread>1</thread>
  <message>hostAddress = 10.201.32.166</message>
  <nestedLevel>0</nestedLevel>
  <property name="hostAddress">10.201.32.166</property>
</record>
<record>
  <date>2020-02-27T10:56:02</date>
  <millis>1582775762290</millis>
  <sequence>4</sequence>
  <level>RUN_DATA</level>
  <class>com.kms.katalon.core.logging.XmlKeywordLogger</class>
  <method>logMessage</method>
  <thread>1</thread>
  <message>katalonVersion = 5.10.1.1</message>
  <nestedLevel>0</nestedLevel>
  <property name="katalonVersion">5.10.1.1</property>
</record>
<record>
  <date>2020-02-27T10:56:02</date>
  <millis>1582775762578</millis>
  <sequence>5</sequence>
  <level>START</level>
  <class>com.kms.katalon.core.logging.XmlKeywordLogger</class>
  <method>startTest</method>
  <thread>1</thread>
  <message>Start Test Case : Test Cases/TC01 - Login</message>
  <nestedLevel>1</nestedLevel>
  <property name="name">Test Cases/TC01 - Login</property>
  <property name="description"></property>
  <property name="id">Test Cases/TC01 - Login</property>
  <property name="source">\\Users\\dwiyunitasari\\Katalon Studio\\NDS-UI\\Test Cases\\TC01 - Login.tc</property>
  <property name="isOptional">false</property>
</record>
<record>
  <date>2020-02-27T10:56:02</date>
  <millis>1582775762989</millis>
  <sequence>7</sequence>
  <level>START</level>
  <class>com.kms.katalon.core.logging.XmlKeywordLogger</class>
  <method>startKeyword</method>
  <thread>1</thread>
  <message>Start action : runFeatureFile(\&amp;quot;include/features/TC-Login.feature\&amp;quot;)</message>
  <nestedLevel>1</nestedLevel>
  <property name="startLine">16</property>
  <property name="stepIndex">1</property>
</record>
<record>
  <date>2020-02-27T10:56:03</date>
  <millis>1582775763017</millis>
  <sequence>8</sequence>
  <level>INFO</level>
  <class>com.kms.katalon.core.logging.XmlKeywordLogger</class>
  <method>logMessage</method>
  <thread>1</thread>
  <message>Starting run keyword runFeatureFile: &amp;apos;include/features/TC-Login.feature&amp;apos; and extract report to folder: &amp;apos;/Users/dwiyunitasari/Katalon Studio/NDS-UI/Reports/SC - Login/20200227_105529/cucumber_report/1582775763011&amp;apos;...</message>
  <nestedLevel>1</nestedLevel>
</record>
<record>
  <date>2020-02-27T10:56:03</date>
  <millis>1582775763566</millis>
  <sequence>9</sequence>
  <level>START</level>
  <class>com.kms.katalon.core.logging.XmlKeywordLogger</class>
  <method>startTest</method>
  <thread>1</thread>
  <message>Start Test Case : SCENARIO Login</message>
  <nestedLevel>2</nestedLevel>
</record>
<record>
  <date>2020-02-27T10:56:03</date>
  <millis>1582775763568</millis>
  <sequence>10</sequence>
  <level>START</level>
  <class>com.kms.katalon.core.logging.XmlKeywordLogger</class>
  <method>startKeyword</method>
  <thread>1</thread>
  <message>Start action : browser loaded successfully</message>
  <nestedLevel>2</nestedLevel>
</record>
<record>
  <date>2020-02-27T10:56:04</date>
  <millis>1582775764185</millis>
  <sequence>12</sequence>
  <level>INFO</level>
  <class>com.kms.katalon.core.logging.XmlKeywordLogger</class>
  <method>logMessage</method>
  <thread>1</thread>
  <message>Starting &amp;apos;Chrome&amp;apos; driver</message>
  <nestedLevel>2</nestedLevel>
</record>
<record>
  <date>2020-02-27T10:56:04</date>
  <millis>1582775764224</millis>
  <sequence>13</sequence>
  <level>INFO</level>
  <class>com.kms.katalon.core.logging.XmlKeywordLogger</class>
  <method>logMessage</method>
  <thread>1</thread>
  <message>Action delay is set to 0 seconds</message>
  <nestedLevel>2</nestedLevel>
</record>
<record>
  <date>2020-02-27T10:56:07</date>
  <millis>1582775767244</millis>
  <sequence>15</sequence>
  <level>RUN_DATA</level>
  <class>com.kms.katalon.core.logging.XmlKeywordLogger</class>
  <method>logMessage</method>
  <thread>1</thread>
  <message>sessionId = 4b485afd70e52f2368ed6fe13979085a</message>
  <nestedLevel>2</nestedLevel>
  <property name="sessionId">4b485afd70e52f2368ed6fe13979085a</property>
</record>
<record>
  <date>2020-02-27T10:56:07</date>
  <millis>1582775767327</millis>
  <sequence>16</sequence>
  <level>RUN_DATA</level>
  <class>com.kms.katalon.core.logging.XmlKeywordLogger</class>
  <method>logMessage</method>
  <thread>1</thread>
  <message>browser = Chrome 80.0.3987.122</message>
  <nestedLevel>2</nestedLevel>
  <property name="browser">Chrome 80.0.3987.122</property>
</record>
<record>
  <date>2020-02-27T10:56:07</date>
  <millis>1582775767328</millis>
  <sequence>17</sequence>
  <level>RUN_DATA</level>
  <class>com.kms.katalon.core.logging.XmlKeywordLogger</class>
  <method>logMessage</method>
  <thread>1</thread>
  <message>platform = Mac OS X</message>
  <nestedLevel>2</nestedLevel>
  <property name="platform">Mac OS X</property>
</record>
<record>
  <date>2020-02-27T10:56:07</date>
  <millis>1582775767331</millis>
  <sequence>18</sequence>
  <level>RUN_DATA</level>
  <class>com.kms.katalon.core.logging.XmlKeywordLogger</class>
  <method>logMessage</method>
  <thread>1</thread>
  <message>seleniumVersion = 3.7.1</message>
  <nestedLevel>2</nestedLevel>
  <property name="seleniumVersion">3.7.1</property>
</record>
<record>
  <date>2020-02-27T10:56:07</date>
  <millis>1582775767331</millis>
  <sequence>19</sequence>
  <level>RUN_DATA</level>
  <class>com.kms.katalon.core.logging.XmlKeywordLogger</class>
  <method>logMessage</method>
  <thread>1</thread>
  <message>proxyInformation = ProxyInformation{proxyOption=NO_PROXY, proxyServerType=HTTP, password=, proxyServerAddress=, proxyServerPort=0}</message>
  <nestedLevel>2</nestedLevel>
  <property name="proxyInformation">ProxyInformation{proxyOption=NO_PROXY, proxyServerType=HTTP, password=, proxyServerAddress=, proxyServerPort=0}</property>
</record>
<record>
  <date>2020-02-27T10:56:07</date>
  <millis>1582775767332</millis>
  <sequence>20</sequence>
  <level>PASSED</level>
  <class>com.kms.katalon.core.logging.XmlKeywordLogger</class>
  <method>logMessage</method>
  <thread>1</thread>
  <message>Browser is opened with url: &amp;apos;&amp;apos;</message>
  <nestedLevel>2</nestedLevel>
</record>
<record>
  <date>2020-02-27T10:56:12</date>
  <millis>1582775772568</millis>
  <sequence>23</sequence>
  <level>PASSED</level>
  <class>com.kms.katalon.core.logging.XmlKeywordLogger</class>
  <method>logMessage</method>
  <thread>1</thread>
  <message>Navigate to &amp;apos;http://172.18.136.38/#/Login&amp;apos; successfully</message>
  <nestedLevel>2</nestedLevel>
</record>
<record>
  <date>2020-02-27T10:56:12</date>
  <millis>1582775772571</millis>
  <sequence>24</sequence>
  <level>PASSED</level>
  <class>com.kms.katalon.core.logging.XmlKeywordLogger</class>
  <method>logMessage</method>
  <thread>1</thread>
  <message>browser loaded successfully</message>
  <nestedLevel>2</nestedLevel>
</record>
<record>
  <date>2020-02-27T10:56:12</date>
  <millis>1582775772571</millis>
  <sequence>25</sequence>
  <level>END</level>
  <class>com.kms.katalon.core.logging.XmlKeywordLogger</class>
  <method>endKeyword</method>
  <thread>1</thread>
  <message>End End action : browser loaded successfully</message>
  <nestedLevel>2</nestedLevel>
</record>
<record>
  <date>2020-02-27T10:56:12</date>
  <millis>1582775772573</millis>
  <sequence>26</sequence>
  <level>START</level>
  <class>com.kms.katalon.core.logging.XmlKeywordLogger</class>
  <method>startKeyword</method>
  <thread>1</thread>
  <message>Start action : input userid 0206076</message>
  <nestedLevel>2</nestedLevel>
</record>
<record>
  <date>2020-02-27T10:56:12</date>
  <millis>1582775772890</millis>
  <sequence>38</sequence>
  <level>PASSED</level>
  <class>com.kms.katalon.core.logging.XmlKeywordLogger</class>
  <method>logMessage</method>
  <thread>1</thread>
  <message>Text &amp;apos;0206076&amp;apos; is set on object &amp;apos;Object Repository/Page_Login/input_username&amp;apos;</message>
  <nestedLevel>2</nestedLevel>
</record>
<record>
  <date>2020-02-27T10:56:12</date>
  <millis>1582775772891</millis>
  <sequence>39</sequence>
  <level>PASSED</level>
  <class>com.kms.katalon.core.logging.XmlKeywordLogger</class>
  <method>logMessage</method>
  <thread>1</thread>
  <message>input userid 0206076</message>
  <nestedLevel>2</nestedLevel>
</record>
<record>
  <date>2020-02-27T10:56:12</date>
  <millis>1582775772891</millis>
  <sequence>40</sequence>
  <level>END</level>
  <class>com.kms.katalon.core.logging.XmlKeywordLogger</class>
  <method>endKeyword</method>
  <thread>1</thread>
  <message>End End action : input userid 0206076</message>
  <nestedLevel>2</nestedLevel>
</record>
<record>
  <date>2020-02-27T10:56:12</date>
  <millis>1582775772893</millis>
  <sequence>41</sequence>
  <level>START</level>
  <class>com.kms.katalon.core.logging.XmlKeywordLogger</class>
  <method>startKeyword</method>
  <thread>1</thread>
  <message>Start action : input password 00000000</message>
  <nestedLevel>2</nestedLevel>
</record>
<record>
  <date>2020-02-27T10:56:13</date>
  <millis>1582775773039</millis>
  <sequence>53</sequence>
  <level>PASSED</level>
  <class>com.kms.katalon.core.logging.XmlKeywordLogger</class>
  <method>logMessage</method>
  <thread>1</thread>
  <message>Text &amp;apos;00000000&amp;apos; is set on object &amp;apos;Object Repository/Page_Login/input_Password&amp;apos;</message>
  <nestedLevel>2</nestedLevel>
</record>
<record>
  <date>2020-02-27T10:56:13</date>
  <millis>1582775773040</millis>
  <sequence>54</sequence>
  <level>PASSED</level>
  <class>com.kms.katalon.core.logging.XmlKeywordLogger</class>
  <method>logMessage</method>
  <thread>1</thread>
  <message>input password 00000000</message>
  <nestedLevel>2</nestedLevel>
</record>
<record>
  <date>2020-02-27T10:56:13</date>
  <millis>1582775773040</millis>
  <sequence>55</sequence>
  <level>END</level>
  <class>com.kms.katalon.core.logging.XmlKeywordLogger</class>
  <method>endKeyword</method>
  <thread>1</thread>
  <message>End End action : input password 00000000</message>
  <nestedLevel>2</nestedLevel>
</record>
<record>
  <date>2020-02-27T10:56:13</date>
  <millis>1582775773041</millis>
  <sequence>56</sequence>
  <level>START</level>
  <class>com.kms.katalon.core.logging.XmlKeywordLogger</class>
  <method>startKeyword</method>
  <thread>1</thread>
  <message>Start action : Click button submit</message>
  <nestedLevel>2</nestedLevel>
</record>
<record>
  <date>2020-02-27T10:56:13</date>
  <millis>1582775773224</millis>
  <sequence>63</sequence>
  <level>PASSED</level>
  <class>com.kms.katalon.core.logging.XmlKeywordLogger</class>
  <method>logMessage</method>
  <thread>1</thread>
  <message>Object: &amp;apos;Object Repository/Page_Login/button_Login&amp;apos; is clicked on</message>
  <nestedLevel>2</nestedLevel>
</record>
<record>
  <date>2020-02-27T10:56:15</date>
  <millis>1582775775245</millis>
  <sequence>65</sequence>
  <level>PASSED</level>
  <class>com.kms.katalon.core.logging.XmlKeywordLogger</class>
  <method>logMessage</method>
  <thread>1</thread>
  <message>Delayed 2 second(s)</message>
  <nestedLevel>2</nestedLevel>
</record>
<record>
  <date>2020-02-27T10:56:15</date>
  <millis>1582775775246</millis>
  <sequence>66</sequence>
  <level>PASSED</level>
  <class>com.kms.katalon.core.logging.XmlKeywordLogger</class>
  <method>logMessage</method>
  <thread>1</thread>
  <message>Click button submit</message>
  <nestedLevel>2</nestedLevel>
</record>
<record>
  <date>2020-02-27T10:56:15</date>
  <millis>1582775775246</millis>
  <sequence>67</sequence>
  <level>END</level>
  <class>com.kms.katalon.core.logging.XmlKeywordLogger</class>
  <method>endKeyword</method>
  <thread>1</thread>
  <message>End End action : Click button submit</message>
  <nestedLevel>2</nestedLevel>
</record>
<record>
  <date>2020-02-27T10:56:15</date>
  <millis>1582775775247</millis>
  <sequence>68</sequence>
  <level>START</level>
  <class>com.kms.katalon.core.logging.XmlKeywordLogger</class>
  <method>startKeyword</method>
  <thread>1</thread>
  <message>Start action : Login Success</message>
  <nestedLevel>2</nestedLevel>
</record>
<record>
  <date>2020-02-27T10:56:15</date>
  <millis>1582775775316</millis>
  <sequence>71</sequence>
  <level>PASSED</level>
  <class>com.kms.katalon.core.logging.XmlKeywordLogger</class>
  <method>logMessage</method>
  <thread>1</thread>
  <message>Text &amp;apos;NEW DELIVERY SYSTEM&amp;apos; is present on page </message>
  <nestedLevel>2</nestedLevel>
</record>
<record>
  <date>2020-02-27T10:56:15</date>
  <millis>1582775775317</millis>
  <sequence>72</sequence>
  <level>PASSED</level>
  <class>com.kms.katalon.core.logging.XmlKeywordLogger</class>
  <method>logMessage</method>
  <thread>1</thread>
  <message>Login Success</message>
  <nestedLevel>2</nestedLevel>
</record>
<record>
  <date>2020-02-27T10:56:15</date>
  <millis>1582775775318</millis>
  <sequence>73</sequence>
  <level>END</level>
  <class>com.kms.katalon.core.logging.XmlKeywordLogger</class>
  <method>endKeyword</method>
  <thread>1</thread>
  <message>End End action : Login Success</message>
  <nestedLevel>2</nestedLevel>
</record>
<record>
  <date>2020-02-27T10:56:15</date>
  <millis>1582775775319</millis>
  <sequence>74</sequence>
  <level>START</level>
  <class>com.kms.katalon.core.logging.XmlKeywordLogger</class>
  <method>startKeyword</method>
  <thread>1</thread>
  <message>Start action : wait for minutes</message>
  <nestedLevel>2</nestedLevel>
</record>
<record>
  <date>2020-02-27T10:56:18</date>
  <millis>1582775778324</millis>
  <sequence>76</sequence>
  <level>PASSED</level>
  <class>com.kms.katalon.core.logging.XmlKeywordLogger</class>
  <method>logMessage</method>
  <thread>1</thread>
  <message>Delayed 3 second(s)</message>
  <nestedLevel>2</nestedLevel>
</record>
<record>
  <date>2020-02-27T10:56:18</date>
  <millis>1582775778324</millis>
  <sequence>77</sequence>
  <level>PASSED</level>
  <class>com.kms.katalon.core.logging.XmlKeywordLogger</class>
  <method>logMessage</method>
  <thread>1</thread>
  <message>wait for minutes</message>
  <nestedLevel>2</nestedLevel>
</record>
<record>
  <date>2020-02-27T10:56:18</date>
  <millis>1582775778325</millis>
  <sequence>78</sequence>
  <level>END</level>
  <class>com.kms.katalon.core.logging.XmlKeywordLogger</class>
  <method>endKeyword</method>
  <thread>1</thread>
  <message>End End action : wait for minutes</message>
  <nestedLevel>2</nestedLevel>
</record>
<record>
  <date>2020-02-27T10:56:18</date>
  <millis>1582775778325</millis>
  <sequence>79</sequence>
  <level>START</level>
  <class>com.kms.katalon.core.logging.XmlKeywordLogger</class>
  <method>startKeyword</method>
  <thread>1</thread>
  <message>Start action : Logout</message>
  <nestedLevel>2</nestedLevel>
</record>
<record>
  <date>2020-02-27T10:56:18</date>
  <millis>1582775778475</millis>
  <sequence>86</sequence>
  <level>PASSED</level>
  <class>com.kms.katalon.core.logging.XmlKeywordLogger</class>
  <method>logMessage</method>
  <thread>1</thread>
  <message>Object: &amp;apos;Object Repository/Page_Login/button_logout&amp;apos; is clicked on</message>
  <nestedLevel>2</nestedLevel>
</record>
<record>
  <date>2020-02-27T10:56:20</date>
  <millis>1582775780478</millis>
  <sequence>88</sequence>
  <level>PASSED</level>
  <class>com.kms.katalon.core.logging.XmlKeywordLogger</class>
  <method>logMessage</method>
  <thread>1</thread>
  <message>Delayed 2 second(s)</message>
  <nestedLevel>2</nestedLevel>
</record>
<record>
  <date>2020-02-27T10:56:20</date>
  <millis>1582775780479</millis>
  <sequence>89</sequence>
  <level>PASSED</level>
  <class>com.kms.katalon.core.logging.XmlKeywordLogger</class>
  <method>logMessage</method>
  <thread>1</thread>
  <message>Logout</message>
  <nestedLevel>2</nestedLevel>
</record>
<record>
  <date>2020-02-27T10:56:20</date>
  <millis>1582775780479</millis>
  <sequence>90</sequence>
  <level>END</level>
  <class>com.kms.katalon.core.logging.XmlKeywordLogger</class>
  <method>endKeyword</method>
  <thread>1</thread>
  <message>End End action : Logout</message>
  <nestedLevel>2</nestedLevel>
</record>
<record>
  <date>2020-02-27T10:56:20</date>
  <millis>1582775780482</millis>
  <sequence>91</sequence>
  <level>PASSED</level>
  <class>com.kms.katalon.core.logging.XmlKeywordLogger</class>
  <method>logMessage</method>
  <thread>1</thread>
  <message>SCENARIO Login</message>
  <nestedLevel>2</nestedLevel>
</record>
<record>
  <date>2020-02-27T10:56:20</date>
  <millis>1582775780483</millis>
  <sequence>92</sequence>
  <level>END</level>
  <class>com.kms.katalon.core.logging.XmlKeywordLogger</class>
  <method>endTest</method>
  <thread>1</thread>
  <message>End Test Case : SCENARIO Login</message>
  <nestedLevel>1</nestedLevel>
</record>
<record>
  <date>2020-02-27T10:56:20</date>
  <millis>1582775780540</millis>
  <sequence>93</sequence>
  <level>PASSED</level>
  <class>com.kms.katalon.core.logging.XmlKeywordLogger</class>
  <method>logMessage</method>
  <thread>1</thread>
  <message>Feature file: &amp;apos;include/features/TC-Login.feature&amp;apos; was passed</message>
  <nestedLevel>1</nestedLevel>
</record>
<record>
  <date>2020-02-27T10:56:20</date>
  <millis>1582775780540</millis>
  <sequence>94</sequence>
  <level>START</level>
  <class>com.kms.katalon.core.logging.XmlKeywordLogger</class>
  <method>startKeyword</method>
  <thread>1</thread>
  <message>Start action : runFeatureFile(\&amp;quot;include/features/TC-Login_variation.feature\&amp;quot;)</message>
  <nestedLevel>1</nestedLevel>
  <property name="startLine">18</property>
  <property name="stepIndex">2</property>
</record>
<record>
  <date>2020-02-27T10:56:20</date>
  <millis>1582775780541</millis>
  <sequence>95</sequence>
  <level>INFO</level>
  <class>com.kms.katalon.core.logging.XmlKeywordLogger</class>
  <method>logMessage</method>
  <thread>1</thread>
  <message>Starting run keyword runFeatureFile: &amp;apos;include/features/TC-Login_variation.feature&amp;apos; and extract report to folder: &amp;apos;/Users/dwiyunitasari/Katalon Studio/NDS-UI/Reports/SC - Login/20200227_105529/cucumber_report/1582775780541&amp;apos;...</message>
  <nestedLevel>1</nestedLevel>
</record>
<record>
  <date>2020-02-27T10:56:20</date>
  <millis>1582775780612</millis>
  <sequence>96</sequence>
  <level>START</level>
  <class>com.kms.katalon.core.logging.XmlKeywordLogger</class>
  <method>startTest</method>
  <thread>1</thread>
  <message>Start Test Case : SCENARIO Login</message>
  <nestedLevel>2</nestedLevel>
</record>
<record>
  <date>2020-02-27T10:56:20</date>
  <millis>1582775780614</millis>
  <sequence>97</sequence>
  <level>START</level>
  <class>com.kms.katalon.core.logging.XmlKeywordLogger</class>
  <method>startKeyword</method>
  <thread>1</thread>
  <message>Start action : refresh the browser</message>
  <nestedLevel>2</nestedLevel>
</record>
<record>
  <date>2020-02-27T10:56:21</date>
  <millis>1582775781404</millis>
  <sequence>99</sequence>
  <level>PASSED</level>
  <class>com.kms.katalon.core.logging.XmlKeywordLogger</class>
  <method>logMessage</method>
  <thread>1</thread>
  <message>Refresh successfully</message>
  <nestedLevel>2</nestedLevel>
</record>
<record>
  <date>2020-02-27T10:56:21</date>
  <millis>1582775781404</millis>
  <sequence>100</sequence>
  <level>PASSED</level>
  <class>com.kms.katalon.core.logging.XmlKeywordLogger</class>
  <method>logMessage</method>
  <thread>1</thread>
  <message>refresh the browser</message>
  <nestedLevel>2</nestedLevel>
</record>
<record>
  <date>2020-02-27T10:56:21</date>
  <millis>1582775781405</millis>
  <sequence>101</sequence>
  <level>END</level>
  <class>com.kms.katalon.core.logging.XmlKeywordLogger</class>
  <method>endKeyword</method>
  <thread>1</thread>
  <message>End End action : refresh the browser</message>
  <nestedLevel>2</nestedLevel>
</record>
<record>
  <date>2020-02-27T10:56:21</date>
  <millis>1582775781405</millis>
  <sequence>102</sequence>
  <level>START</level>
  <class>com.kms.katalon.core.logging.XmlKeywordLogger</class>
  <method>startKeyword</method>
  <thread>1</thread>
  <message>Start action : input userid 020607</message>
  <nestedLevel>2</nestedLevel>
</record>
<record>
  <date>2020-02-27T10:56:21</date>
  <millis>1582775781575</millis>
  <sequence>114</sequence>
  <level>PASSED</level>
  <class>com.kms.katalon.core.logging.XmlKeywordLogger</class>
  <method>logMessage</method>
  <thread>1</thread>
  <message>Text &amp;apos;020607&amp;apos; is set on object &amp;apos;Object Repository/Page_Login/input_username&amp;apos;</message>
  <nestedLevel>2</nestedLevel>
</record>
<record>
  <date>2020-02-27T10:56:21</date>
  <millis>1582775781575</millis>
  <sequence>115</sequence>
  <level>PASSED</level>
  <class>com.kms.katalon.core.logging.XmlKeywordLogger</class>
  <method>logMessage</method>
  <thread>1</thread>
  <message>input userid 020607</message>
  <nestedLevel>2</nestedLevel>
</record>
<record>
  <date>2020-02-27T10:56:21</date>
  <millis>1582775781576</millis>
  <sequence>116</sequence>
  <level>END</level>
  <class>com.kms.katalon.core.logging.XmlKeywordLogger</class>
  <method>endKeyword</method>
  <thread>1</thread>
  <message>End End action : input userid 020607</message>
  <nestedLevel>2</nestedLevel>
</record>
<record>
  <date>2020-02-27T10:56:21</date>
  <millis>1582775781576</millis>
  <sequence>117</sequence>
  <level>START</level>
  <class>com.kms.katalon.core.logging.XmlKeywordLogger</class>
  <method>startKeyword</method>
  <thread>1</thread>
  <message>Start action : input password 00000000</message>
  <nestedLevel>2</nestedLevel>
</record>
<record>
  <date>2020-02-27T10:56:21</date>
  <millis>1582775781784</millis>
  <sequence>129</sequence>
  <level>PASSED</level>
  <class>com.kms.katalon.core.logging.XmlKeywordLogger</class>
  <method>logMessage</method>
  <thread>1</thread>
  <message>Text &amp;apos;00000000&amp;apos; is set on object &amp;apos;Object Repository/Page_Login/input_Password&amp;apos;</message>
  <nestedLevel>2</nestedLevel>
</record>
<record>
  <date>2020-02-27T10:56:21</date>
  <millis>1582775781785</millis>
  <sequence>130</sequence>
  <level>PASSED</level>
  <class>com.kms.katalon.core.logging.XmlKeywordLogger</class>
  <method>logMessage</method>
  <thread>1</thread>
  <message>input password 00000000</message>
  <nestedLevel>2</nestedLevel>
</record>
<record>
  <date>2020-02-27T10:56:21</date>
  <millis>1582775781785</millis>
  <sequence>131</sequence>
  <level>END</level>
  <class>com.kms.katalon.core.logging.XmlKeywordLogger</class>
  <method>endKeyword</method>
  <thread>1</thread>
  <message>End End action : input password 00000000</message>
  <nestedLevel>2</nestedLevel>
</record>
<record>
  <date>2020-02-27T10:56:21</date>
  <millis>1582775781786</millis>
  <sequence>132</sequence>
  <level>START</level>
  <class>com.kms.katalon.core.logging.XmlKeywordLogger</class>
  <method>startKeyword</method>
  <thread>1</thread>
  <message>Start action : Click button submit</message>
  <nestedLevel>2</nestedLevel>
</record>
<record>
  <date>2020-02-27T10:56:21</date>
  <millis>1582775781943</millis>
  <sequence>139</sequence>
  <level>PASSED</level>
  <class>com.kms.katalon.core.logging.XmlKeywordLogger</class>
  <method>logMessage</method>
  <thread>1</thread>
  <message>Object: &amp;apos;Object Repository/Page_Login/button_Login&amp;apos; is clicked on</message>
  <nestedLevel>2</nestedLevel>
</record>
<record>
  <date>2020-02-27T10:56:23</date>
  <millis>1582775783947</millis>
  <sequence>141</sequence>
  <level>PASSED</level>
  <class>com.kms.katalon.core.logging.XmlKeywordLogger</class>
  <method>logMessage</method>
  <thread>1</thread>
  <message>Delayed 2 second(s)</message>
  <nestedLevel>2</nestedLevel>
</record>
<record>
  <date>2020-02-27T10:56:23</date>
  <millis>1582775783950</millis>
  <sequence>142</sequence>
  <level>PASSED</level>
  <class>com.kms.katalon.core.logging.XmlKeywordLogger</class>
  <method>logMessage</method>
  <thread>1</thread>
  <message>Click button submit</message>
  <nestedLevel>2</nestedLevel>
</record>
<record>
  <date>2020-02-27T10:56:23</date>
  <millis>1582775783950</millis>
  <sequence>143</sequence>
  <level>END</level>
  <class>com.kms.katalon.core.logging.XmlKeywordLogger</class>
  <method>endKeyword</method>
  <thread>1</thread>
  <message>End End action : Click button submit</message>
  <nestedLevel>2</nestedLevel>
</record>
<record>
  <date>2020-02-27T10:56:23</date>
  <millis>1582775783951</millis>
  <sequence>144</sequence>
  <level>START</level>
  <class>com.kms.katalon.core.logging.XmlKeywordLogger</class>
  <method>startKeyword</method>
  <thread>1</thread>
  <message>Start action : verify must have a length equal to &amp;apos;7&amp;apos;</message>
  <nestedLevel>2</nestedLevel>
</record>
<record>
  <date>2020-02-27T10:56:24</date>
  <millis>1582775784009</millis>
  <sequence>147</sequence>
  <level>PASSED</level>
  <class>com.kms.katalon.core.logging.XmlKeywordLogger</class>
  <method>logMessage</method>
  <thread>1</thread>
  <message>Text &amp;apos;must have a length equal to &amp;apos;7&amp;apos;&amp;apos; is present on page </message>
  <nestedLevel>2</nestedLevel>
</record>
<record>
  <date>2020-02-27T10:56:24</date>
  <millis>1582775784010</millis>
  <sequence>148</sequence>
  <level>PASSED</level>
  <class>com.kms.katalon.core.logging.XmlKeywordLogger</class>
  <method>logMessage</method>
  <thread>1</thread>
  <message>verify must have a length equal to &amp;apos;7&amp;apos;</message>
  <nestedLevel>2</nestedLevel>
</record>
<record>
  <date>2020-02-27T10:56:24</date>
  <millis>1582775784010</millis>
  <sequence>149</sequence>
  <level>END</level>
  <class>com.kms.katalon.core.logging.XmlKeywordLogger</class>
  <method>endKeyword</method>
  <thread>1</thread>
  <message>End End action : verify must have a length equal to &amp;apos;7&amp;apos;</message>
  <nestedLevel>2</nestedLevel>
</record>
<record>
  <date>2020-02-27T10:56:24</date>
  <millis>1582775784011</millis>
  <sequence>150</sequence>
  <level>START</level>
  <class>com.kms.katalon.core.logging.XmlKeywordLogger</class>
  <method>startKeyword</method>
  <thread>1</thread>
  <message>Start action : wait for minutes</message>
  <nestedLevel>2</nestedLevel>
</record>
<record>
  <date>2020-02-27T10:56:27</date>
  <millis>1582775787015</millis>
  <sequence>152</sequence>
  <level>PASSED</level>
  <class>com.kms.katalon.core.logging.XmlKeywordLogger</class>
  <method>logMessage</method>
  <thread>1</thread>
  <message>Delayed 3 second(s)</message>
  <nestedLevel>2</nestedLevel>
</record>
<record>
  <date>2020-02-27T10:56:27</date>
  <millis>1582775787016</millis>
  <sequence>153</sequence>
  <level>PASSED</level>
  <class>com.kms.katalon.core.logging.XmlKeywordLogger</class>
  <method>logMessage</method>
  <thread>1</thread>
  <message>wait for minutes</message>
  <nestedLevel>2</nestedLevel>
</record>
<record>
  <date>2020-02-27T10:56:27</date>
  <millis>1582775787017</millis>
  <sequence>154</sequence>
  <level>END</level>
  <class>com.kms.katalon.core.logging.XmlKeywordLogger</class>
  <method>endKeyword</method>
  <thread>1</thread>
  <message>End End action : wait for minutes</message>
  <nestedLevel>2</nestedLevel>
</record>
<record>
  <date>2020-02-27T10:56:27</date>
  <millis>1582775787018</millis>
  <sequence>155</sequence>
  <level>PASSED</level>
  <class>com.kms.katalon.core.logging.XmlKeywordLogger</class>
  <method>logMessage</method>
  <thread>1</thread>
  <message>SCENARIO Login</message>
  <nestedLevel>2</nestedLevel>
</record>
<record>
  <date>2020-02-27T10:56:27</date>
  <millis>1582775787018</millis>
  <sequence>156</sequence>
  <level>END</level>
  <class>com.kms.katalon.core.logging.XmlKeywordLogger</class>
  <method>endTest</method>
  <thread>1</thread>
  <message>End Test Case : SCENARIO Login</message>
  <nestedLevel>1</nestedLevel>
</record>
<record>
  <date>2020-02-27T10:56:27</date>
  <millis>1582775787022</millis>
  <sequence>157</sequence>
  <level>START</level>
  <class>com.kms.katalon.core.logging.XmlKeywordLogger</class>
  <method>startTest</method>
  <thread>1</thread>
  <message>Start Test Case : SCENARIO Login</message>
  <nestedLevel>2</nestedLevel>
</record>
<record>
  <date>2020-02-27T10:56:27</date>
  <millis>1582775787022</millis>
  <sequence>158</sequence>
  <level>START</level>
  <class>com.kms.katalon.core.logging.XmlKeywordLogger</class>
  <method>startKeyword</method>
  <thread>1</thread>
  <message>Start action : refresh the browser</message>
  <nestedLevel>2</nestedLevel>
</record>
<record>
  <date>2020-02-27T10:56:27</date>
  <millis>1582775787432</millis>
  <sequence>160</sequence>
  <level>PASSED</level>
  <class>com.kms.katalon.core.logging.XmlKeywordLogger</class>
  <method>logMessage</method>
  <thread>1</thread>
  <message>Refresh successfully</message>
  <nestedLevel>2</nestedLevel>
</record>
<record>
  <date>2020-02-27T10:56:27</date>
  <millis>1582775787433</millis>
  <sequence>161</sequence>
  <level>PASSED</level>
  <class>com.kms.katalon.core.logging.XmlKeywordLogger</class>
  <method>logMessage</method>
  <thread>1</thread>
  <message>refresh the browser</message>
  <nestedLevel>2</nestedLevel>
</record>
<record>
  <date>2020-02-27T10:56:27</date>
  <millis>1582775787434</millis>
  <sequence>162</sequence>
  <level>END</level>
  <class>com.kms.katalon.core.logging.XmlKeywordLogger</class>
  <method>endKeyword</method>
  <thread>1</thread>
  <message>End End action : refresh the browser</message>
  <nestedLevel>2</nestedLevel>
</record>
<record>
  <date>2020-02-27T10:56:27</date>
  <millis>1582775787434</millis>
  <sequence>163</sequence>
  <level>START</level>
  <class>com.kms.katalon.core.logging.XmlKeywordLogger</class>
  <method>startKeyword</method>
  <thread>1</thread>
  <message>Start action : input userid 020607666</message>
  <nestedLevel>2</nestedLevel>
</record>
<record>
  <date>2020-02-27T10:56:27</date>
  <millis>1582775787665</millis>
  <sequence>175</sequence>
  <level>PASSED</level>
  <class>com.kms.katalon.core.logging.XmlKeywordLogger</class>
  <method>logMessage</method>
  <thread>1</thread>
  <message>Text &amp;apos;020607666&amp;apos; is set on object &amp;apos;Object Repository/Page_Login/input_username&amp;apos;</message>
  <nestedLevel>2</nestedLevel>
</record>
<record>
  <date>2020-02-27T10:56:27</date>
  <millis>1582775787665</millis>
  <sequence>176</sequence>
  <level>PASSED</level>
  <class>com.kms.katalon.core.logging.XmlKeywordLogger</class>
  <method>logMessage</method>
  <thread>1</thread>
  <message>input userid 020607666</message>
  <nestedLevel>2</nestedLevel>
</record>
<record>
  <date>2020-02-27T10:56:27</date>
  <millis>1582775787666</millis>
  <sequence>177</sequence>
  <level>END</level>
  <class>com.kms.katalon.core.logging.XmlKeywordLogger</class>
  <method>endKeyword</method>
  <thread>1</thread>
  <message>End End action : input userid 020607666</message>
  <nestedLevel>2</nestedLevel>
</record>
<record>
  <date>2020-02-27T10:56:27</date>
  <millis>1582775787666</millis>
  <sequence>178</sequence>
  <level>START</level>
  <class>com.kms.katalon.core.logging.XmlKeywordLogger</class>
  <method>startKeyword</method>
  <thread>1</thread>
  <message>Start action : input password 00000000</message>
  <nestedLevel>2</nestedLevel>
</record>
<record>
  <date>2020-02-27T10:56:27</date>
  <millis>1582775787890</millis>
  <sequence>190</sequence>
  <level>PASSED</level>
  <class>com.kms.katalon.core.logging.XmlKeywordLogger</class>
  <method>logMessage</method>
  <thread>1</thread>
  <message>Text &amp;apos;00000000&amp;apos; is set on object &amp;apos;Object Repository/Page_Login/input_Password&amp;apos;</message>
  <nestedLevel>2</nestedLevel>
</record>
<record>
  <date>2020-02-27T10:56:27</date>
  <millis>1582775787890</millis>
  <sequence>191</sequence>
  <level>PASSED</level>
  <class>com.kms.katalon.core.logging.XmlKeywordLogger</class>
  <method>logMessage</method>
  <thread>1</thread>
  <message>input password 00000000</message>
  <nestedLevel>2</nestedLevel>
</record>
<record>
  <date>2020-02-27T10:56:27</date>
  <millis>1582775787890</millis>
  <sequence>192</sequence>
  <level>END</level>
  <class>com.kms.katalon.core.logging.XmlKeywordLogger</class>
  <method>endKeyword</method>
  <thread>1</thread>
  <message>End End action : input password 00000000</message>
  <nestedLevel>2</nestedLevel>
</record>
<record>
  <date>2020-02-27T10:56:27</date>
  <millis>1582775787891</millis>
  <sequence>193</sequence>
  <level>START</level>
  <class>com.kms.katalon.core.logging.XmlKeywordLogger</class>
  <method>startKeyword</method>
  <thread>1</thread>
  <message>Start action : Click button submit</message>
  <nestedLevel>2</nestedLevel>
</record>
<record>
  <date>2020-02-27T10:56:27</date>
  <millis>1582775787975</millis>
  <sequence>200</sequence>
  <level>PASSED</level>
  <class>com.kms.katalon.core.logging.XmlKeywordLogger</class>
  <method>logMessage</method>
  <thread>1</thread>
  <message>Object: &amp;apos;Object Repository/Page_Login/button_Login&amp;apos; is clicked on</message>
  <nestedLevel>2</nestedLevel>
</record>
<record>
  <date>2020-02-27T10:56:29</date>
  <millis>1582775789980</millis>
  <sequence>202</sequence>
  <level>PASSED</level>
  <class>com.kms.katalon.core.logging.XmlKeywordLogger</class>
  <method>logMessage</method>
  <thread>1</thread>
  <message>Delayed 2 second(s)</message>
  <nestedLevel>2</nestedLevel>
</record>
<record>
  <date>2020-02-27T10:56:29</date>
  <millis>1582775789981</millis>
  <sequence>203</sequence>
  <level>PASSED</level>
  <class>com.kms.katalon.core.logging.XmlKeywordLogger</class>
  <method>logMessage</method>
  <thread>1</thread>
  <message>Click button submit</message>
  <nestedLevel>2</nestedLevel>
</record>
<record>
  <date>2020-02-27T10:56:29</date>
  <millis>1582775789981</millis>
  <sequence>204</sequence>
  <level>END</level>
  <class>com.kms.katalon.core.logging.XmlKeywordLogger</class>
  <method>endKeyword</method>
  <thread>1</thread>
  <message>End End action : Click button submit</message>
  <nestedLevel>2</nestedLevel>
</record>
<record>
  <date>2020-02-27T10:56:29</date>
  <millis>1582775789981</millis>
  <sequence>205</sequence>
  <level>START</level>
  <class>com.kms.katalon.core.logging.XmlKeywordLogger</class>
  <method>startKeyword</method>
  <thread>1</thread>
  <message>Start action : verify must have a length equal to &amp;apos;7&amp;apos;</message>
  <nestedLevel>2</nestedLevel>
</record>
<record>
  <date>2020-02-27T10:56:30</date>
  <millis>1582775790052</millis>
  <sequence>208</sequence>
  <level>PASSED</level>
  <class>com.kms.katalon.core.logging.XmlKeywordLogger</class>
  <method>logMessage</method>
  <thread>1</thread>
  <message>Text &amp;apos;must have a length equal to &amp;apos;7&amp;apos;&amp;apos; is present on page </message>
  <nestedLevel>2</nestedLevel>
</record>
<record>
  <date>2020-02-27T10:56:30</date>
  <millis>1582775790052</millis>
  <sequence>209</sequence>
  <level>PASSED</level>
  <class>com.kms.katalon.core.logging.XmlKeywordLogger</class>
  <method>logMessage</method>
  <thread>1</thread>
  <message>verify must have a length equal to &amp;apos;7&amp;apos;</message>
  <nestedLevel>2</nestedLevel>
</record>
<record>
  <date>2020-02-27T10:56:30</date>
  <millis>1582775790052</millis>
  <sequence>210</sequence>
  <level>END</level>
  <class>com.kms.katalon.core.logging.XmlKeywordLogger</class>
  <method>endKeyword</method>
  <thread>1</thread>
  <message>End End action : verify must have a length equal to &amp;apos;7&amp;apos;</message>
  <nestedLevel>2</nestedLevel>
</record>
<record>
  <date>2020-02-27T10:56:30</date>
  <millis>1582775790053</millis>
  <sequence>211</sequence>
  <level>START</level>
  <class>com.kms.katalon.core.logging.XmlKeywordLogger</class>
  <method>startKeyword</method>
  <thread>1</thread>
  <message>Start action : wait for minutes</message>
  <nestedLevel>2</nestedLevel>
</record>
<record>
  <date>2020-02-27T10:56:33</date>
  <millis>1582775793058</millis>
  <sequence>213</sequence>
  <level>PASSED</level>
  <class>com.kms.katalon.core.logging.XmlKeywordLogger</class>
  <method>logMessage</method>
  <thread>1</thread>
  <message>Delayed 3 second(s)</message>
  <nestedLevel>2</nestedLevel>
</record>
<record>
  <date>2020-02-27T10:56:33</date>
  <millis>1582775793059</millis>
  <sequence>214</sequence>
  <level>PASSED</level>
  <class>com.kms.katalon.core.logging.XmlKeywordLogger</class>
  <method>logMessage</method>
  <thread>1</thread>
  <message>wait for minutes</message>
  <nestedLevel>2</nestedLevel>
</record>
<record>
  <date>2020-02-27T10:56:33</date>
  <millis>1582775793059</millis>
  <sequence>215</sequence>
  <level>END</level>
  <class>com.kms.katalon.core.logging.XmlKeywordLogger</class>
  <method>endKeyword</method>
  <thread>1</thread>
  <message>End End action : wait for minutes</message>
  <nestedLevel>2</nestedLevel>
</record>
<record>
  <date>2020-02-27T10:56:33</date>
  <millis>1582775793059</millis>
  <sequence>216</sequence>
  <level>PASSED</level>
  <class>com.kms.katalon.core.logging.XmlKeywordLogger</class>
  <method>logMessage</method>
  <thread>1</thread>
  <message>SCENARIO Login</message>
  <nestedLevel>2</nestedLevel>
</record>
<record>
  <date>2020-02-27T10:56:33</date>
  <millis>1582775793060</millis>
  <sequence>217</sequence>
  <level>END</level>
  <class>com.kms.katalon.core.logging.XmlKeywordLogger</class>
  <method>endTest</method>
  <thread>1</thread>
  <message>End Test Case : SCENARIO Login</message>
  <nestedLevel>1</nestedLevel>
</record>
<record>
  <date>2020-02-27T10:56:33</date>
  <millis>1582775793061</millis>
  <sequence>218</sequence>
  <level>START</level>
  <class>com.kms.katalon.core.logging.XmlKeywordLogger</class>
  <method>startTest</method>
  <thread>1</thread>
  <message>Start Test Case : SCENARIO Login</message>
  <nestedLevel>2</nestedLevel>
</record>
<record>
  <date>2020-02-27T10:56:33</date>
  <millis>1582775793061</millis>
  <sequence>219</sequence>
  <level>START</level>
  <class>com.kms.katalon.core.logging.XmlKeywordLogger</class>
  <method>startKeyword</method>
  <thread>1</thread>
  <message>Start action : refresh the browser</message>
  <nestedLevel>2</nestedLevel>
</record>
<record>
  <date>2020-02-27T10:56:34</date>
  <millis>1582775794540</millis>
  <sequence>221</sequence>
  <level>PASSED</level>
  <class>com.kms.katalon.core.logging.XmlKeywordLogger</class>
  <method>logMessage</method>
  <thread>1</thread>
  <message>Refresh successfully</message>
  <nestedLevel>2</nestedLevel>
</record>
<record>
  <date>2020-02-27T10:56:34</date>
  <millis>1582775794541</millis>
  <sequence>222</sequence>
  <level>PASSED</level>
  <class>com.kms.katalon.core.logging.XmlKeywordLogger</class>
  <method>logMessage</method>
  <thread>1</thread>
  <message>refresh the browser</message>
  <nestedLevel>2</nestedLevel>
</record>
<record>
  <date>2020-02-27T10:56:34</date>
  <millis>1582775794541</millis>
  <sequence>223</sequence>
  <level>END</level>
  <class>com.kms.katalon.core.logging.XmlKeywordLogger</class>
  <method>endKeyword</method>
  <thread>1</thread>
  <message>End End action : refresh the browser</message>
  <nestedLevel>2</nestedLevel>
</record>
<record>
  <date>2020-02-27T10:56:34</date>
  <millis>1582775794541</millis>
  <sequence>224</sequence>
  <level>START</level>
  <class>com.kms.katalon.core.logging.XmlKeywordLogger</class>
  <method>startKeyword</method>
  <thread>1</thread>
  <message>Start action : input userid 0206076</message>
  <nestedLevel>2</nestedLevel>
</record>
<record>
  <date>2020-02-27T10:56:34</date>
  <millis>1582775794770</millis>
  <sequence>236</sequence>
  <level>PASSED</level>
  <class>com.kms.katalon.core.logging.XmlKeywordLogger</class>
  <method>logMessage</method>
  <thread>1</thread>
  <message>Text &amp;apos;0206076&amp;apos; is set on object &amp;apos;Object Repository/Page_Login/input_username&amp;apos;</message>
  <nestedLevel>2</nestedLevel>
</record>
<record>
  <date>2020-02-27T10:56:34</date>
  <millis>1582775794771</millis>
  <sequence>237</sequence>
  <level>PASSED</level>
  <class>com.kms.katalon.core.logging.XmlKeywordLogger</class>
  <method>logMessage</method>
  <thread>1</thread>
  <message>input userid 0206076</message>
  <nestedLevel>2</nestedLevel>
</record>
<record>
  <date>2020-02-27T10:56:34</date>
  <millis>1582775794771</millis>
  <sequence>238</sequence>
  <level>END</level>
  <class>com.kms.katalon.core.logging.XmlKeywordLogger</class>
  <method>endKeyword</method>
  <thread>1</thread>
  <message>End End action : input userid 0206076</message>
  <nestedLevel>2</nestedLevel>
</record>
<record>
  <date>2020-02-27T10:56:34</date>
  <millis>1582775794771</millis>
  <sequence>239</sequence>
  <level>START</level>
  <class>com.kms.katalon.core.logging.XmlKeywordLogger</class>
  <method>startKeyword</method>
  <thread>1</thread>
  <message>Start action : input password 1234567</message>
  <nestedLevel>2</nestedLevel>
</record>
<record>
  <date>2020-02-27T10:56:34</date>
  <millis>1582775794946</millis>
  <sequence>251</sequence>
  <level>PASSED</level>
  <class>com.kms.katalon.core.logging.XmlKeywordLogger</class>
  <method>logMessage</method>
  <thread>1</thread>
  <message>Text &amp;apos;1234567&amp;apos; is set on object &amp;apos;Object Repository/Page_Login/input_Password&amp;apos;</message>
  <nestedLevel>2</nestedLevel>
</record>
<record>
  <date>2020-02-27T10:56:34</date>
  <millis>1582775794948</millis>
  <sequence>252</sequence>
  <level>PASSED</level>
  <class>com.kms.katalon.core.logging.XmlKeywordLogger</class>
  <method>logMessage</method>
  <thread>1</thread>
  <message>input password 1234567</message>
  <nestedLevel>2</nestedLevel>
</record>
<record>
  <date>2020-02-27T10:56:34</date>
  <millis>1582775794949</millis>
  <sequence>253</sequence>
  <level>END</level>
  <class>com.kms.katalon.core.logging.XmlKeywordLogger</class>
  <method>endKeyword</method>
  <thread>1</thread>
  <message>End End action : input password 1234567</message>
  <nestedLevel>2</nestedLevel>
</record>
<record>
  <date>2020-02-27T10:56:34</date>
  <millis>1582775794950</millis>
  <sequence>254</sequence>
  <level>START</level>
  <class>com.kms.katalon.core.logging.XmlKeywordLogger</class>
  <method>startKeyword</method>
  <thread>1</thread>
  <message>Start action : Click button submit</message>
  <nestedLevel>2</nestedLevel>
</record>
<record>
  <date>2020-02-27T10:56:35</date>
  <millis>1582775795066</millis>
  <sequence>261</sequence>
  <level>PASSED</level>
  <class>com.kms.katalon.core.logging.XmlKeywordLogger</class>
  <method>logMessage</method>
  <thread>1</thread>
  <message>Object: &amp;apos;Object Repository/Page_Login/button_Login&amp;apos; is clicked on</message>
  <nestedLevel>2</nestedLevel>
</record>
<record>
  <date>2020-02-27T10:56:37</date>
  <millis>1582775797072</millis>
  <sequence>263</sequence>
  <level>PASSED</level>
  <class>com.kms.katalon.core.logging.XmlKeywordLogger</class>
  <method>logMessage</method>
  <thread>1</thread>
  <message>Delayed 2 second(s)</message>
  <nestedLevel>2</nestedLevel>
</record>
<record>
  <date>2020-02-27T10:56:37</date>
  <millis>1582775797078</millis>
  <sequence>264</sequence>
  <level>PASSED</level>
  <class>com.kms.katalon.core.logging.XmlKeywordLogger</class>
  <method>logMessage</method>
  <thread>1</thread>
  <message>Click button submit</message>
  <nestedLevel>2</nestedLevel>
</record>
<record>
  <date>2020-02-27T10:56:37</date>
  <millis>1582775797079</millis>
  <sequence>265</sequence>
  <level>END</level>
  <class>com.kms.katalon.core.logging.XmlKeywordLogger</class>
  <method>endKeyword</method>
  <thread>1</thread>
  <message>End End action : Click button submit</message>
  <nestedLevel>2</nestedLevel>
</record>
<record>
  <date>2020-02-27T10:56:37</date>
  <millis>1582775797079</millis>
  <sequence>266</sequence>
  <level>START</level>
  <class>com.kms.katalon.core.logging.XmlKeywordLogger</class>
  <method>startKeyword</method>
  <thread>1</thread>
  <message>Start action : verify Username dan Password tidak cocok</message>
  <nestedLevel>2</nestedLevel>
</record>
<record>
  <date>2020-02-27T10:56:37</date>
  <millis>1582775797142</millis>
  <sequence>269</sequence>
  <level>PASSED</level>
  <class>com.kms.katalon.core.logging.XmlKeywordLogger</class>
  <method>logMessage</method>
  <thread>1</thread>
  <message>Text &amp;apos;Username dan Password tidak cocok&amp;apos; is present on page </message>
  <nestedLevel>2</nestedLevel>
</record>
<record>
  <date>2020-02-27T10:56:37</date>
  <millis>1582775797142</millis>
  <sequence>270</sequence>
  <level>PASSED</level>
  <class>com.kms.katalon.core.logging.XmlKeywordLogger</class>
  <method>logMessage</method>
  <thread>1</thread>
  <message>verify Username dan Password tidak cocok</message>
  <nestedLevel>2</nestedLevel>
</record>
<record>
  <date>2020-02-27T10:56:37</date>
  <millis>1582775797142</millis>
  <sequence>271</sequence>
  <level>END</level>
  <class>com.kms.katalon.core.logging.XmlKeywordLogger</class>
  <method>endKeyword</method>
  <thread>1</thread>
  <message>End End action : verify Username dan Password tidak cocok</message>
  <nestedLevel>2</nestedLevel>
</record>
<record>
  <date>2020-02-27T10:56:37</date>
  <millis>1582775797143</millis>
  <sequence>272</sequence>
  <level>START</level>
  <class>com.kms.katalon.core.logging.XmlKeywordLogger</class>
  <method>startKeyword</method>
  <thread>1</thread>
  <message>Start action : wait for minutes</message>
  <nestedLevel>2</nestedLevel>
</record>
<record>
  <date>2020-02-27T10:56:40</date>
  <millis>1582775800146</millis>
  <sequence>274</sequence>
  <level>PASSED</level>
  <class>com.kms.katalon.core.logging.XmlKeywordLogger</class>
  <method>logMessage</method>
  <thread>1</thread>
  <message>Delayed 3 second(s)</message>
  <nestedLevel>2</nestedLevel>
</record>
<record>
  <date>2020-02-27T10:56:40</date>
  <millis>1582775800152</millis>
  <sequence>275</sequence>
  <level>PASSED</level>
  <class>com.kms.katalon.core.logging.XmlKeywordLogger</class>
  <method>logMessage</method>
  <thread>1</thread>
  <message>wait for minutes</message>
  <nestedLevel>2</nestedLevel>
</record>
<record>
  <date>2020-02-27T10:56:40</date>
  <millis>1582775800152</millis>
  <sequence>276</sequence>
  <level>END</level>
  <class>com.kms.katalon.core.logging.XmlKeywordLogger</class>
  <method>endKeyword</method>
  <thread>1</thread>
  <message>End End action : wait for minutes</message>
  <nestedLevel>2</nestedLevel>
</record>
<record>
  <date>2020-02-27T10:56:40</date>
  <millis>1582775800153</millis>
  <sequence>277</sequence>
  <level>PASSED</level>
  <class>com.kms.katalon.core.logging.XmlKeywordLogger</class>
  <method>logMessage</method>
  <thread>1</thread>
  <message>SCENARIO Login</message>
  <nestedLevel>2</nestedLevel>
</record>
<record>
  <date>2020-02-27T10:56:40</date>
  <millis>1582775800153</millis>
  <sequence>278</sequence>
  <level>END</level>
  <class>com.kms.katalon.core.logging.XmlKeywordLogger</class>
  <method>endTest</method>
  <thread>1</thread>
  <message>End Test Case : SCENARIO Login</message>
  <nestedLevel>1</nestedLevel>
</record>
<record>
  <date>2020-02-27T10:56:40</date>
  <millis>1582775800154</millis>
  <sequence>279</sequence>
  <level>START</level>
  <class>com.kms.katalon.core.logging.XmlKeywordLogger</class>
  <method>startTest</method>
  <thread>1</thread>
  <message>Start Test Case : SCENARIO Login</message>
  <nestedLevel>2</nestedLevel>
</record>
<record>
  <date>2020-02-27T10:56:40</date>
  <millis>1582775800155</millis>
  <sequence>280</sequence>
  <level>START</level>
  <class>com.kms.katalon.core.logging.XmlKeywordLogger</class>
  <method>startKeyword</method>
  <thread>1</thread>
  <message>Start action : refresh the browser</message>
  <nestedLevel>2</nestedLevel>
</record>
<record>
  <date>2020-02-27T10:56:40</date>
  <millis>1582775800344</millis>
  <sequence>282</sequence>
  <level>PASSED</level>
  <class>com.kms.katalon.core.logging.XmlKeywordLogger</class>
  <method>logMessage</method>
  <thread>1</thread>
  <message>Refresh successfully</message>
  <nestedLevel>2</nestedLevel>
</record>
<record>
  <date>2020-02-27T10:56:40</date>
  <millis>1582775800344</millis>
  <sequence>283</sequence>
  <level>PASSED</level>
  <class>com.kms.katalon.core.logging.XmlKeywordLogger</class>
  <method>logMessage</method>
  <thread>1</thread>
  <message>refresh the browser</message>
  <nestedLevel>2</nestedLevel>
</record>
<record>
  <date>2020-02-27T10:56:40</date>
  <millis>1582775800344</millis>
  <sequence>284</sequence>
  <level>END</level>
  <class>com.kms.katalon.core.logging.XmlKeywordLogger</class>
  <method>endKeyword</method>
  <thread>1</thread>
  <message>End End action : refresh the browser</message>
  <nestedLevel>2</nestedLevel>
</record>
<record>
  <date>2020-02-27T10:56:40</date>
  <millis>1582775800345</millis>
  <sequence>285</sequence>
  <level>START</level>
  <class>com.kms.katalon.core.logging.XmlKeywordLogger</class>
  <method>startKeyword</method>
  <thread>1</thread>
  <message>Start action : input userid </message>
  <nestedLevel>2</nestedLevel>
</record>
<record>
  <date>2020-02-27T10:56:40</date>
  <millis>1582775800497</millis>
  <sequence>297</sequence>
  <level>PASSED</level>
  <class>com.kms.katalon.core.logging.XmlKeywordLogger</class>
  <method>logMessage</method>
  <thread>1</thread>
  <message>Text &amp;apos;&amp;apos; is set on object &amp;apos;Object Repository/Page_Login/input_username&amp;apos;</message>
  <nestedLevel>2</nestedLevel>
</record>
<record>
  <date>2020-02-27T10:56:40</date>
  <millis>1582775800498</millis>
  <sequence>298</sequence>
  <level>PASSED</level>
  <class>com.kms.katalon.core.logging.XmlKeywordLogger</class>
  <method>logMessage</method>
  <thread>1</thread>
  <message>input userid </message>
  <nestedLevel>2</nestedLevel>
</record>
<record>
  <date>2020-02-27T10:56:40</date>
  <millis>1582775800498</millis>
  <sequence>299</sequence>
  <level>END</level>
  <class>com.kms.katalon.core.logging.XmlKeywordLogger</class>
  <method>endKeyword</method>
  <thread>1</thread>
  <message>End End action : input userid </message>
  <nestedLevel>2</nestedLevel>
</record>
<record>
  <date>2020-02-27T10:56:40</date>
  <millis>1582775800502</millis>
  <sequence>300</sequence>
  <level>START</level>
  <class>com.kms.katalon.core.logging.XmlKeywordLogger</class>
  <method>startKeyword</method>
  <thread>1</thread>
  <message>Start action : input password 00000000</message>
  <nestedLevel>2</nestedLevel>
</record>
<record>
  <date>2020-02-27T10:56:40</date>
  <millis>1582775800670</millis>
  <sequence>312</sequence>
  <level>PASSED</level>
  <class>com.kms.katalon.core.logging.XmlKeywordLogger</class>
  <method>logMessage</method>
  <thread>1</thread>
  <message>Text &amp;apos;00000000&amp;apos; is set on object &amp;apos;Object Repository/Page_Login/input_Password&amp;apos;</message>
  <nestedLevel>2</nestedLevel>
</record>
<record>
  <date>2020-02-27T10:56:40</date>
  <millis>1582775800671</millis>
  <sequence>313</sequence>
  <level>PASSED</level>
  <class>com.kms.katalon.core.logging.XmlKeywordLogger</class>
  <method>logMessage</method>
  <thread>1</thread>
  <message>input password 00000000</message>
  <nestedLevel>2</nestedLevel>
</record>
<record>
  <date>2020-02-27T10:56:40</date>
  <millis>1582775800671</millis>
  <sequence>314</sequence>
  <level>END</level>
  <class>com.kms.katalon.core.logging.XmlKeywordLogger</class>
  <method>endKeyword</method>
  <thread>1</thread>
  <message>End End action : input password 00000000</message>
  <nestedLevel>2</nestedLevel>
</record>
<record>
  <date>2020-02-27T10:56:40</date>
  <millis>1582775800671</millis>
  <sequence>315</sequence>
  <level>START</level>
  <class>com.kms.katalon.core.logging.XmlKeywordLogger</class>
  <method>startKeyword</method>
  <thread>1</thread>
  <message>Start action : Click button submit</message>
  <nestedLevel>2</nestedLevel>
</record>
<record>
  <date>2020-02-27T10:56:40</date>
  <millis>1582775800875</millis>
  <sequence>322</sequence>
  <level>PASSED</level>
  <class>com.kms.katalon.core.logging.XmlKeywordLogger</class>
  <method>logMessage</method>
  <thread>1</thread>
  <message>Object: &amp;apos;Object Repository/Page_Login/button_Login&amp;apos; is clicked on</message>
  <nestedLevel>2</nestedLevel>
</record>
<record>
  <date>2020-02-27T10:56:42</date>
  <millis>1582775802880</millis>
  <sequence>324</sequence>
  <level>PASSED</level>
  <class>com.kms.katalon.core.logging.XmlKeywordLogger</class>
  <method>logMessage</method>
  <thread>1</thread>
  <message>Delayed 2 second(s)</message>
  <nestedLevel>2</nestedLevel>
</record>
<record>
  <date>2020-02-27T10:56:42</date>
  <millis>1582775802880</millis>
  <sequence>325</sequence>
  <level>PASSED</level>
  <class>com.kms.katalon.core.logging.XmlKeywordLogger</class>
  <method>logMessage</method>
  <thread>1</thread>
  <message>Click button submit</message>
  <nestedLevel>2</nestedLevel>
</record>
<record>
  <date>2020-02-27T10:56:42</date>
  <millis>1582775802880</millis>
  <sequence>326</sequence>
  <level>END</level>
  <class>com.kms.katalon.core.logging.XmlKeywordLogger</class>
  <method>endKeyword</method>
  <thread>1</thread>
  <message>End End action : Click button submit</message>
  <nestedLevel>2</nestedLevel>
</record>
<record>
  <date>2020-02-27T10:56:42</date>
  <millis>1582775802881</millis>
  <sequence>327</sequence>
  <level>START</level>
  <class>com.kms.katalon.core.logging.XmlKeywordLogger</class>
  <method>startKeyword</method>
  <thread>1</thread>
  <message>Start action : verify invalid field Userid</message>
  <nestedLevel>2</nestedLevel>
</record>
<record>
  <date>2020-02-27T10:56:42</date>
  <millis>1582775802936</millis>
  <sequence>330</sequence>
  <level>PASSED</level>
  <class>com.kms.katalon.core.logging.XmlKeywordLogger</class>
  <method>logMessage</method>
  <thread>1</thread>
  <message>Text &amp;apos;invalid field Userid&amp;apos; is present on page </message>
  <nestedLevel>2</nestedLevel>
</record>
<record>
  <date>2020-02-27T10:56:42</date>
  <millis>1582775802937</millis>
  <sequence>331</sequence>
  <level>PASSED</level>
  <class>com.kms.katalon.core.logging.XmlKeywordLogger</class>
  <method>logMessage</method>
  <thread>1</thread>
  <message>verify invalid field Userid</message>
  <nestedLevel>2</nestedLevel>
</record>
<record>
  <date>2020-02-27T10:56:42</date>
  <millis>1582775802937</millis>
  <sequence>332</sequence>
  <level>END</level>
  <class>com.kms.katalon.core.logging.XmlKeywordLogger</class>
  <method>endKeyword</method>
  <thread>1</thread>
  <message>End End action : verify invalid field Userid</message>
  <nestedLevel>2</nestedLevel>
</record>
<record>
  <date>2020-02-27T10:56:42</date>
  <millis>1582775802937</millis>
  <sequence>333</sequence>
  <level>START</level>
  <class>com.kms.katalon.core.logging.XmlKeywordLogger</class>
  <method>startKeyword</method>
  <thread>1</thread>
  <message>Start action : wait for minutes</message>
  <nestedLevel>2</nestedLevel>
</record>
<record>
  <date>2020-02-27T10:56:45</date>
  <millis>1582775805939</millis>
  <sequence>335</sequence>
  <level>PASSED</level>
  <class>com.kms.katalon.core.logging.XmlKeywordLogger</class>
  <method>logMessage</method>
  <thread>1</thread>
  <message>Delayed 3 second(s)</message>
  <nestedLevel>2</nestedLevel>
</record>
<record>
  <date>2020-02-27T10:56:45</date>
  <millis>1582775805945</millis>
  <sequence>336</sequence>
  <level>PASSED</level>
  <class>com.kms.katalon.core.logging.XmlKeywordLogger</class>
  <method>logMessage</method>
  <thread>1</thread>
  <message>wait for minutes</message>
  <nestedLevel>2</nestedLevel>
</record>
<record>
  <date>2020-02-27T10:56:45</date>
  <millis>1582775805945</millis>
  <sequence>337</sequence>
  <level>END</level>
  <class>com.kms.katalon.core.logging.XmlKeywordLogger</class>
  <method>endKeyword</method>
  <thread>1</thread>
  <message>End End action : wait for minutes</message>
  <nestedLevel>2</nestedLevel>
</record>
<record>
  <date>2020-02-27T10:56:45</date>
  <millis>1582775805946</millis>
  <sequence>338</sequence>
  <level>PASSED</level>
  <class>com.kms.katalon.core.logging.XmlKeywordLogger</class>
  <method>logMessage</method>
  <thread>1</thread>
  <message>SCENARIO Login</message>
  <nestedLevel>2</nestedLevel>
</record>
<record>
  <date>2020-02-27T10:56:45</date>
  <millis>1582775805946</millis>
  <sequence>339</sequence>
  <level>END</level>
  <class>com.kms.katalon.core.logging.XmlKeywordLogger</class>
  <method>endTest</method>
  <thread>1</thread>
  <message>End Test Case : SCENARIO Login</message>
  <nestedLevel>1</nestedLevel>
</record>
<record>
  <date>2020-02-27T10:56:45</date>
  <millis>1582775805947</millis>
  <sequence>340</sequence>
  <level>START</level>
  <class>com.kms.katalon.core.logging.XmlKeywordLogger</class>
  <method>startTest</method>
  <thread>1</thread>
  <message>Start Test Case : SCENARIO Login</message>
  <nestedLevel>2</nestedLevel>
</record>
<record>
  <date>2020-02-27T10:56:45</date>
  <millis>1582775805947</millis>
  <sequence>341</sequence>
  <level>START</level>
  <class>com.kms.katalon.core.logging.XmlKeywordLogger</class>
  <method>startKeyword</method>
  <thread>1</thread>
  <message>Start action : refresh the browser</message>
  <nestedLevel>2</nestedLevel>
</record>
<record>
  <date>2020-02-27T10:56:46</date>
  <millis>1582775806147</millis>
  <sequence>343</sequence>
  <level>PASSED</level>
  <class>com.kms.katalon.core.logging.XmlKeywordLogger</class>
  <method>logMessage</method>
  <thread>1</thread>
  <message>Refresh successfully</message>
  <nestedLevel>2</nestedLevel>
</record>
<record>
  <date>2020-02-27T10:56:46</date>
  <millis>1582775806147</millis>
  <sequence>344</sequence>
  <level>PASSED</level>
  <class>com.kms.katalon.core.logging.XmlKeywordLogger</class>
  <method>logMessage</method>
  <thread>1</thread>
  <message>refresh the browser</message>
  <nestedLevel>2</nestedLevel>
</record>
<record>
  <date>2020-02-27T10:56:46</date>
  <millis>1582775806148</millis>
  <sequence>345</sequence>
  <level>END</level>
  <class>com.kms.katalon.core.logging.XmlKeywordLogger</class>
  <method>endKeyword</method>
  <thread>1</thread>
  <message>End End action : refresh the browser</message>
  <nestedLevel>2</nestedLevel>
</record>
<record>
  <date>2020-02-27T10:56:46</date>
  <millis>1582775806148</millis>
  <sequence>346</sequence>
  <level>START</level>
  <class>com.kms.katalon.core.logging.XmlKeywordLogger</class>
  <method>startKeyword</method>
  <thread>1</thread>
  <message>Start action : input userid 0206076</message>
  <nestedLevel>2</nestedLevel>
</record>
<record>
  <date>2020-02-27T10:56:46</date>
  <millis>1582775806425</millis>
  <sequence>358</sequence>
  <level>PASSED</level>
  <class>com.kms.katalon.core.logging.XmlKeywordLogger</class>
  <method>logMessage</method>
  <thread>1</thread>
  <message>Text &amp;apos;0206076&amp;apos; is set on object &amp;apos;Object Repository/Page_Login/input_username&amp;apos;</message>
  <nestedLevel>2</nestedLevel>
</record>
<record>
  <date>2020-02-27T10:56:46</date>
  <millis>1582775806425</millis>
  <sequence>359</sequence>
  <level>PASSED</level>
  <class>com.kms.katalon.core.logging.XmlKeywordLogger</class>
  <method>logMessage</method>
  <thread>1</thread>
  <message>input userid 0206076</message>
  <nestedLevel>2</nestedLevel>
</record>
<record>
  <date>2020-02-27T10:56:46</date>
  <millis>1582775806426</millis>
  <sequence>360</sequence>
  <level>END</level>
  <class>com.kms.katalon.core.logging.XmlKeywordLogger</class>
  <method>endKeyword</method>
  <thread>1</thread>
  <message>End End action : input userid 0206076</message>
  <nestedLevel>2</nestedLevel>
</record>
<record>
  <date>2020-02-27T10:56:46</date>
  <millis>1582775806426</millis>
  <sequence>361</sequence>
  <level>START</level>
  <class>com.kms.katalon.core.logging.XmlKeywordLogger</class>
  <method>startKeyword</method>
  <thread>1</thread>
  <message>Start action : input password </message>
  <nestedLevel>2</nestedLevel>
</record>
<record>
  <date>2020-02-27T10:56:46</date>
  <millis>1582775806508</millis>
  <sequence>373</sequence>
  <level>PASSED</level>
  <class>com.kms.katalon.core.logging.XmlKeywordLogger</class>
  <method>logMessage</method>
  <thread>1</thread>
  <message>Text &amp;apos;&amp;apos; is set on object &amp;apos;Object Repository/Page_Login/input_Password&amp;apos;</message>
  <nestedLevel>2</nestedLevel>
</record>
<record>
  <date>2020-02-27T10:56:46</date>
  <millis>1582775806509</millis>
  <sequence>374</sequence>
  <level>PASSED</level>
  <class>com.kms.katalon.core.logging.XmlKeywordLogger</class>
  <method>logMessage</method>
  <thread>1</thread>
  <message>input password </message>
  <nestedLevel>2</nestedLevel>
</record>
<record>
  <date>2020-02-27T10:56:46</date>
  <millis>1582775806509</millis>
  <sequence>375</sequence>
  <level>END</level>
  <class>com.kms.katalon.core.logging.XmlKeywordLogger</class>
  <method>endKeyword</method>
  <thread>1</thread>
  <message>End End action : input password </message>
  <nestedLevel>2</nestedLevel>
</record>
<record>
  <date>2020-02-27T10:56:46</date>
  <millis>1582775806509</millis>
  <sequence>376</sequence>
  <level>START</level>
  <class>com.kms.katalon.core.logging.XmlKeywordLogger</class>
  <method>startKeyword</method>
  <thread>1</thread>
  <message>Start action : Click button submit</message>
  <nestedLevel>2</nestedLevel>
</record>
<record>
  <date>2020-02-27T10:56:46</date>
  <millis>1582775806598</millis>
  <sequence>383</sequence>
  <level>PASSED</level>
  <class>com.kms.katalon.core.logging.XmlKeywordLogger</class>
  <method>logMessage</method>
  <thread>1</thread>
  <message>Object: &amp;apos;Object Repository/Page_Login/button_Login&amp;apos; is clicked on</message>
  <nestedLevel>2</nestedLevel>
</record>
<record>
  <date>2020-02-27T10:56:48</date>
  <millis>1582775808602</millis>
  <sequence>385</sequence>
  <level>PASSED</level>
  <class>com.kms.katalon.core.logging.XmlKeywordLogger</class>
  <method>logMessage</method>
  <thread>1</thread>
  <message>Delayed 2 second(s)</message>
  <nestedLevel>2</nestedLevel>
</record>
<record>
  <date>2020-02-27T10:56:48</date>
  <millis>1582775808602</millis>
  <sequence>386</sequence>
  <level>PASSED</level>
  <class>com.kms.katalon.core.logging.XmlKeywordLogger</class>
  <method>logMessage</method>
  <thread>1</thread>
  <message>Click button submit</message>
  <nestedLevel>2</nestedLevel>
</record>
<record>
  <date>2020-02-27T10:56:48</date>
  <millis>1582775808602</millis>
  <sequence>387</sequence>
  <level>END</level>
  <class>com.kms.katalon.core.logging.XmlKeywordLogger</class>
  <method>endKeyword</method>
  <thread>1</thread>
  <message>End End action : Click button submit</message>
  <nestedLevel>2</nestedLevel>
</record>
<record>
  <date>2020-02-27T10:56:48</date>
  <millis>1582775808603</millis>
  <sequence>388</sequence>
  <level>START</level>
  <class>com.kms.katalon.core.logging.XmlKeywordLogger</class>
  <method>startKeyword</method>
  <thread>1</thread>
  <message>Start action : verify invalid field Password</message>
  <nestedLevel>2</nestedLevel>
</record>
<record>
  <date>2020-02-27T10:56:48</date>
  <millis>1582775808658</millis>
  <sequence>391</sequence>
  <level>PASSED</level>
  <class>com.kms.katalon.core.logging.XmlKeywordLogger</class>
  <method>logMessage</method>
  <thread>1</thread>
  <message>Text &amp;apos;invalid field Password&amp;apos; is present on page </message>
  <nestedLevel>2</nestedLevel>
</record>
<record>
  <date>2020-02-27T10:56:48</date>
  <millis>1582775808658</millis>
  <sequence>392</sequence>
  <level>PASSED</level>
  <class>com.kms.katalon.core.logging.XmlKeywordLogger</class>
  <method>logMessage</method>
  <thread>1</thread>
  <message>verify invalid field Password</message>
  <nestedLevel>2</nestedLevel>
</record>
<record>
  <date>2020-02-27T10:56:48</date>
  <millis>1582775808658</millis>
  <sequence>393</sequence>
  <level>END</level>
  <class>com.kms.katalon.core.logging.XmlKeywordLogger</class>
  <method>endKeyword</method>
  <thread>1</thread>
  <message>End End action : verify invalid field Password</message>
  <nestedLevel>2</nestedLevel>
</record>
<record>
  <date>2020-02-27T10:56:48</date>
  <millis>1582775808659</millis>
  <sequence>394</sequence>
  <level>START</level>
  <class>com.kms.katalon.core.logging.XmlKeywordLogger</class>
  <method>startKeyword</method>
  <thread>1</thread>
  <message>Start action : wait for minutes</message>
  <nestedLevel>2</nestedLevel>
</record>
<record>
  <date>2020-02-27T10:56:51</date>
  <millis>1582775811664</millis>
  <sequence>396</sequence>
  <level>PASSED</level>
  <class>com.kms.katalon.core.logging.XmlKeywordLogger</class>
  <method>logMessage</method>
  <thread>1</thread>
  <message>Delayed 3 second(s)</message>
  <nestedLevel>2</nestedLevel>
</record>
<record>
  <date>2020-02-27T10:56:51</date>
  <millis>1582775811664</millis>
  <sequence>397</sequence>
  <level>PASSED</level>
  <class>com.kms.katalon.core.logging.XmlKeywordLogger</class>
  <method>logMessage</method>
  <thread>1</thread>
  <message>wait for minutes</message>
  <nestedLevel>2</nestedLevel>
</record>
<record>
  <date>2020-02-27T10:56:51</date>
  <millis>1582775811664</millis>
  <sequence>398</sequence>
  <level>END</level>
  <class>com.kms.katalon.core.logging.XmlKeywordLogger</class>
  <method>endKeyword</method>
  <thread>1</thread>
  <message>End End action : wait for minutes</message>
  <nestedLevel>2</nestedLevel>
</record>
<record>
  <date>2020-02-27T10:56:51</date>
  <millis>1582775811665</millis>
  <sequence>399</sequence>
  <level>PASSED</level>
  <class>com.kms.katalon.core.logging.XmlKeywordLogger</class>
  <method>logMessage</method>
  <thread>1</thread>
  <message>SCENARIO Login</message>
  <nestedLevel>2</nestedLevel>
</record>
<record>
  <date>2020-02-27T10:56:51</date>
  <millis>1582775811665</millis>
  <sequence>400</sequence>
  <level>END</level>
  <class>com.kms.katalon.core.logging.XmlKeywordLogger</class>
  <method>endTest</method>
  <thread>1</thread>
  <message>End Test Case : SCENARIO Login</message>
  <nestedLevel>1</nestedLevel>
</record>
<record>
  <date>2020-02-27T10:56:51</date>
  <millis>1582775811665</millis>
  <sequence>401</sequence>
  <level>START</level>
  <class>com.kms.katalon.core.logging.XmlKeywordLogger</class>
  <method>startTest</method>
  <thread>1</thread>
  <message>Start Test Case : SCENARIO Login</message>
  <nestedLevel>2</nestedLevel>
</record>
<record>
  <date>2020-02-27T10:56:51</date>
  <millis>1582775811666</millis>
  <sequence>402</sequence>
  <level>START</level>
  <class>com.kms.katalon.core.logging.XmlKeywordLogger</class>
  <method>startKeyword</method>
  <thread>1</thread>
  <message>Start action : refresh the browser</message>
  <nestedLevel>2</nestedLevel>
</record>
<record>
  <date>2020-02-27T10:56:51</date>
  <millis>1582775811907</millis>
  <sequence>404</sequence>
  <level>PASSED</level>
  <class>com.kms.katalon.core.logging.XmlKeywordLogger</class>
  <method>logMessage</method>
  <thread>1</thread>
  <message>Refresh successfully</message>
  <nestedLevel>2</nestedLevel>
</record>
<record>
  <date>2020-02-27T10:56:51</date>
  <millis>1582775811908</millis>
  <sequence>405</sequence>
  <level>PASSED</level>
  <class>com.kms.katalon.core.logging.XmlKeywordLogger</class>
  <method>logMessage</method>
  <thread>1</thread>
  <message>refresh the browser</message>
  <nestedLevel>2</nestedLevel>
</record>
<record>
  <date>2020-02-27T10:56:51</date>
  <millis>1582775811908</millis>
  <sequence>406</sequence>
  <level>END</level>
  <class>com.kms.katalon.core.logging.XmlKeywordLogger</class>
  <method>endKeyword</method>
  <thread>1</thread>
  <message>End End action : refresh the browser</message>
  <nestedLevel>2</nestedLevel>
</record>
<record>
  <date>2020-02-27T10:56:51</date>
  <millis>1582775811908</millis>
  <sequence>407</sequence>
  <level>START</level>
  <class>com.kms.katalon.core.logging.XmlKeywordLogger</class>
  <method>startKeyword</method>
  <thread>1</thread>
  <message>Start action : input userid ABCDEFG</message>
  <nestedLevel>2</nestedLevel>
</record>
<record>
  <date>2020-02-27T10:56:52</date>
  <millis>1582775812116</millis>
  <sequence>419</sequence>
  <level>PASSED</level>
  <class>com.kms.katalon.core.logging.XmlKeywordLogger</class>
  <method>logMessage</method>
  <thread>1</thread>
  <message>Text &amp;apos;ABCDEFG&amp;apos; is set on object &amp;apos;Object Repository/Page_Login/input_username&amp;apos;</message>
  <nestedLevel>2</nestedLevel>
</record>
<record>
  <date>2020-02-27T10:56:52</date>
  <millis>1582775812117</millis>
  <sequence>420</sequence>
  <level>PASSED</level>
  <class>com.kms.katalon.core.logging.XmlKeywordLogger</class>
  <method>logMessage</method>
  <thread>1</thread>
  <message>input userid ABCDEFG</message>
  <nestedLevel>2</nestedLevel>
</record>
<record>
  <date>2020-02-27T10:56:52</date>
  <millis>1582775812117</millis>
  <sequence>421</sequence>
  <level>END</level>
  <class>com.kms.katalon.core.logging.XmlKeywordLogger</class>
  <method>endKeyword</method>
  <thread>1</thread>
  <message>End End action : input userid ABCDEFG</message>
  <nestedLevel>2</nestedLevel>
</record>
<record>
  <date>2020-02-27T10:56:52</date>
  <millis>1582775812117</millis>
  <sequence>422</sequence>
  <level>START</level>
  <class>com.kms.katalon.core.logging.XmlKeywordLogger</class>
  <method>startKeyword</method>
  <thread>1</thread>
  <message>Start action : input password 00000000</message>
  <nestedLevel>2</nestedLevel>
</record>
<record>
  <date>2020-02-27T10:56:52</date>
  <millis>1582775812321</millis>
  <sequence>434</sequence>
  <level>PASSED</level>
  <class>com.kms.katalon.core.logging.XmlKeywordLogger</class>
  <method>logMessage</method>
  <thread>1</thread>
  <message>Text &amp;apos;00000000&amp;apos; is set on object &amp;apos;Object Repository/Page_Login/input_Password&amp;apos;</message>
  <nestedLevel>2</nestedLevel>
</record>
<record>
  <date>2020-02-27T10:56:52</date>
  <millis>1582775812322</millis>
  <sequence>435</sequence>
  <level>PASSED</level>
  <class>com.kms.katalon.core.logging.XmlKeywordLogger</class>
  <method>logMessage</method>
  <thread>1</thread>
  <message>input password 00000000</message>
  <nestedLevel>2</nestedLevel>
</record>
<record>
  <date>2020-02-27T10:56:52</date>
  <millis>1582775812322</millis>
  <sequence>436</sequence>
  <level>END</level>
  <class>com.kms.katalon.core.logging.XmlKeywordLogger</class>
  <method>endKeyword</method>
  <thread>1</thread>
  <message>End End action : input password 00000000</message>
  <nestedLevel>2</nestedLevel>
</record>
<record>
  <date>2020-02-27T10:56:52</date>
  <millis>1582775812322</millis>
  <sequence>437</sequence>
  <level>START</level>
  <class>com.kms.katalon.core.logging.XmlKeywordLogger</class>
  <method>startKeyword</method>
  <thread>1</thread>
  <message>Start action : Click button submit</message>
  <nestedLevel>2</nestedLevel>
</record>
<record>
  <date>2020-02-27T10:56:52</date>
  <millis>1582775812408</millis>
  <sequence>444</sequence>
  <level>PASSED</level>
  <class>com.kms.katalon.core.logging.XmlKeywordLogger</class>
  <method>logMessage</method>
  <thread>1</thread>
  <message>Object: &amp;apos;Object Repository/Page_Login/button_Login&amp;apos; is clicked on</message>
  <nestedLevel>2</nestedLevel>
</record>
<record>
  <date>2020-02-27T10:56:54</date>
  <millis>1582775814412</millis>
  <sequence>446</sequence>
  <level>PASSED</level>
  <class>com.kms.katalon.core.logging.XmlKeywordLogger</class>
  <method>logMessage</method>
  <thread>1</thread>
  <message>Delayed 2 second(s)</message>
  <nestedLevel>2</nestedLevel>
</record>
<record>
  <date>2020-02-27T10:56:54</date>
  <millis>1582775814413</millis>
  <sequence>447</sequence>
  <level>PASSED</level>
  <class>com.kms.katalon.core.logging.XmlKeywordLogger</class>
  <method>logMessage</method>
  <thread>1</thread>
  <message>Click button submit</message>
  <nestedLevel>2</nestedLevel>
</record>
<record>
  <date>2020-02-27T10:56:54</date>
  <millis>1582775814413</millis>
  <sequence>448</sequence>
  <level>END</level>
  <class>com.kms.katalon.core.logging.XmlKeywordLogger</class>
  <method>endKeyword</method>
  <thread>1</thread>
  <message>End End action : Click button submit</message>
  <nestedLevel>2</nestedLevel>
</record>
<record>
  <date>2020-02-27T10:56:54</date>
  <millis>1582775814413</millis>
  <sequence>449</sequence>
  <level>START</level>
  <class>com.kms.katalon.core.logging.XmlKeywordLogger</class>
  <method>startKeyword</method>
  <thread>1</thread>
  <message>Start action : verify must be a string</message>
  <nestedLevel>2</nestedLevel>
</record>
<record>
  <date>2020-02-27T10:56:54</date>
  <millis>1582775814468</millis>
  <sequence>452</sequence>
  <level>PASSED</level>
  <class>com.kms.katalon.core.logging.XmlKeywordLogger</class>
  <method>logMessage</method>
  <thread>1</thread>
  <message>Text &amp;apos;must be a string&amp;apos; is present on page </message>
  <nestedLevel>2</nestedLevel>
</record>
<record>
  <date>2020-02-27T10:56:54</date>
  <millis>1582775814469</millis>
  <sequence>453</sequence>
  <level>PASSED</level>
  <class>com.kms.katalon.core.logging.XmlKeywordLogger</class>
  <method>logMessage</method>
  <thread>1</thread>
  <message>verify must be a string</message>
  <nestedLevel>2</nestedLevel>
</record>
<record>
  <date>2020-02-27T10:56:54</date>
  <millis>1582775814469</millis>
  <sequence>454</sequence>
  <level>END</level>
  <class>com.kms.katalon.core.logging.XmlKeywordLogger</class>
  <method>endKeyword</method>
  <thread>1</thread>
  <message>End End action : verify must be a string</message>
  <nestedLevel>2</nestedLevel>
</record>
<record>
  <date>2020-02-27T10:56:54</date>
  <millis>1582775814470</millis>
  <sequence>455</sequence>
  <level>START</level>
  <class>com.kms.katalon.core.logging.XmlKeywordLogger</class>
  <method>startKeyword</method>
  <thread>1</thread>
  <message>Start action : wait for minutes</message>
  <nestedLevel>2</nestedLevel>
</record>
<record>
  <date>2020-02-27T10:56:57</date>
  <millis>1582775817471</millis>
  <sequence>457</sequence>
  <level>PASSED</level>
  <class>com.kms.katalon.core.logging.XmlKeywordLogger</class>
  <method>logMessage</method>
  <thread>1</thread>
  <message>Delayed 3 second(s)</message>
  <nestedLevel>2</nestedLevel>
</record>
<record>
  <date>2020-02-27T10:56:57</date>
  <millis>1582775817477</millis>
  <sequence>458</sequence>
  <level>PASSED</level>
  <class>com.kms.katalon.core.logging.XmlKeywordLogger</class>
  <method>logMessage</method>
  <thread>1</thread>
  <message>wait for minutes</message>
  <nestedLevel>2</nestedLevel>
</record>
<record>
  <date>2020-02-27T10:56:57</date>
  <millis>1582775817478</millis>
  <sequence>459</sequence>
  <level>END</level>
  <class>com.kms.katalon.core.logging.XmlKeywordLogger</class>
  <method>endKeyword</method>
  <thread>1</thread>
  <message>End End action : wait for minutes</message>
  <nestedLevel>2</nestedLevel>
</record>
<record>
  <date>2020-02-27T10:56:57</date>
  <millis>1582775817478</millis>
  <sequence>460</sequence>
  <level>PASSED</level>
  <class>com.kms.katalon.core.logging.XmlKeywordLogger</class>
  <method>logMessage</method>
  <thread>1</thread>
  <message>SCENARIO Login</message>
  <nestedLevel>2</nestedLevel>
</record>
<record>
  <date>2020-02-27T10:56:57</date>
  <millis>1582775817478</millis>
  <sequence>461</sequence>
  <level>END</level>
  <class>com.kms.katalon.core.logging.XmlKeywordLogger</class>
  <method>endTest</method>
  <thread>1</thread>
  <message>End Test Case : SCENARIO Login</message>
  <nestedLevel>1</nestedLevel>
</record>
<record>
  <date>2020-02-27T10:56:57</date>
  <millis>1582775817479</millis>
  <sequence>462</sequence>
  <level>START</level>
  <class>com.kms.katalon.core.logging.XmlKeywordLogger</class>
  <method>startTest</method>
  <thread>1</thread>
  <message>Start Test Case : SCENARIO Login</message>
  <nestedLevel>2</nestedLevel>
</record>
<record>
  <date>2020-02-27T10:56:57</date>
  <millis>1582775817480</millis>
  <sequence>463</sequence>
  <level>START</level>
  <class>com.kms.katalon.core.logging.XmlKeywordLogger</class>
  <method>startKeyword</method>
  <thread>1</thread>
  <message>Start action : refresh the browser</message>
  <nestedLevel>2</nestedLevel>
</record>
<record>
  <date>2020-02-27T10:56:57</date>
  <millis>1582775817940</millis>
  <sequence>465</sequence>
  <level>PASSED</level>
  <class>com.kms.katalon.core.logging.XmlKeywordLogger</class>
  <method>logMessage</method>
  <thread>1</thread>
  <message>Refresh successfully</message>
  <nestedLevel>2</nestedLevel>
</record>
<record>
  <date>2020-02-27T10:56:57</date>
  <millis>1582775817940</millis>
  <sequence>466</sequence>
  <level>PASSED</level>
  <class>com.kms.katalon.core.logging.XmlKeywordLogger</class>
  <method>logMessage</method>
  <thread>1</thread>
  <message>refresh the browser</message>
  <nestedLevel>2</nestedLevel>
</record>
<record>
  <date>2020-02-27T10:56:57</date>
  <millis>1582775817941</millis>
  <sequence>467</sequence>
  <level>END</level>
  <class>com.kms.katalon.core.logging.XmlKeywordLogger</class>
  <method>endKeyword</method>
  <thread>1</thread>
  <message>End End action : refresh the browser</message>
  <nestedLevel>2</nestedLevel>
</record>
<record>
  <date>2020-02-27T10:56:57</date>
  <millis>1582775817941</millis>
  <sequence>468</sequence>
  <level>START</level>
  <class>com.kms.katalon.core.logging.XmlKeywordLogger</class>
  <method>startKeyword</method>
  <thread>1</thread>
  <message>Start action : input userid 0206076</message>
  <nestedLevel>2</nestedLevel>
</record>
<record>
  <date>2020-02-27T10:56:58</date>
  <millis>1582775818165</millis>
  <sequence>480</sequence>
  <level>PASSED</level>
  <class>com.kms.katalon.core.logging.XmlKeywordLogger</class>
  <method>logMessage</method>
  <thread>1</thread>
  <message>Text &amp;apos;0206076&amp;apos; is set on object &amp;apos;Object Repository/Page_Login/input_username&amp;apos;</message>
  <nestedLevel>2</nestedLevel>
</record>
<record>
  <date>2020-02-27T10:56:58</date>
  <millis>1582775818167</millis>
  <sequence>481</sequence>
  <level>PASSED</level>
  <class>com.kms.katalon.core.logging.XmlKeywordLogger</class>
  <method>logMessage</method>
  <thread>1</thread>
  <message>input userid 0206076</message>
  <nestedLevel>2</nestedLevel>
</record>
<record>
  <date>2020-02-27T10:56:58</date>
  <millis>1582775818167</millis>
  <sequence>482</sequence>
  <level>END</level>
  <class>com.kms.katalon.core.logging.XmlKeywordLogger</class>
  <method>endKeyword</method>
  <thread>1</thread>
  <message>End End action : input userid 0206076</message>
  <nestedLevel>2</nestedLevel>
</record>
<record>
  <date>2020-02-27T10:56:58</date>
  <millis>1582775818168</millis>
  <sequence>483</sequence>
  <level>START</level>
  <class>com.kms.katalon.core.logging.XmlKeywordLogger</class>
  <method>startKeyword</method>
  <thread>1</thread>
  <message>Start action : input password 123</message>
  <nestedLevel>2</nestedLevel>
</record>
<record>
  <date>2020-02-27T10:56:58</date>
  <millis>1582775818305</millis>
  <sequence>495</sequence>
  <level>PASSED</level>
  <class>com.kms.katalon.core.logging.XmlKeywordLogger</class>
  <method>logMessage</method>
  <thread>1</thread>
  <message>Text &amp;apos;123&amp;apos; is set on object &amp;apos;Object Repository/Page_Login/input_Password&amp;apos;</message>
  <nestedLevel>2</nestedLevel>
</record>
<record>
  <date>2020-02-27T10:56:58</date>
  <millis>1582775818306</millis>
  <sequence>496</sequence>
  <level>PASSED</level>
  <class>com.kms.katalon.core.logging.XmlKeywordLogger</class>
  <method>logMessage</method>
  <thread>1</thread>
  <message>input password 123</message>
  <nestedLevel>2</nestedLevel>
</record>
<record>
  <date>2020-02-27T10:56:58</date>
  <millis>1582775818306</millis>
  <sequence>497</sequence>
  <level>END</level>
  <class>com.kms.katalon.core.logging.XmlKeywordLogger</class>
  <method>endKeyword</method>
  <thread>1</thread>
  <message>End End action : input password 123</message>
  <nestedLevel>2</nestedLevel>
</record>
<record>
  <date>2020-02-27T10:56:58</date>
  <millis>1582775818306</millis>
  <sequence>498</sequence>
  <level>START</level>
  <class>com.kms.katalon.core.logging.XmlKeywordLogger</class>
  <method>startKeyword</method>
  <thread>1</thread>
  <message>Start action : Click button submit</message>
  <nestedLevel>2</nestedLevel>
</record>
<record>
  <date>2020-02-27T10:56:58</date>
  <millis>1582775818385</millis>
  <sequence>505</sequence>
  <level>PASSED</level>
  <class>com.kms.katalon.core.logging.XmlKeywordLogger</class>
  <method>logMessage</method>
  <thread>1</thread>
  <message>Object: &amp;apos;Object Repository/Page_Login/button_Login&amp;apos; is clicked on</message>
  <nestedLevel>2</nestedLevel>
</record>
<record>
  <date>2020-02-27T10:57:00</date>
  <millis>1582775820391</millis>
  <sequence>507</sequence>
  <level>PASSED</level>
  <class>com.kms.katalon.core.logging.XmlKeywordLogger</class>
  <method>logMessage</method>
  <thread>1</thread>
  <message>Delayed 2 second(s)</message>
  <nestedLevel>2</nestedLevel>
</record>
<record>
  <date>2020-02-27T10:57:00</date>
  <millis>1582775820391</millis>
  <sequence>508</sequence>
  <level>PASSED</level>
  <class>com.kms.katalon.core.logging.XmlKeywordLogger</class>
  <method>logMessage</method>
  <thread>1</thread>
  <message>Click button submit</message>
  <nestedLevel>2</nestedLevel>
</record>
<record>
  <date>2020-02-27T10:57:00</date>
  <millis>1582775820392</millis>
  <sequence>509</sequence>
  <level>END</level>
  <class>com.kms.katalon.core.logging.XmlKeywordLogger</class>
  <method>endKeyword</method>
  <thread>1</thread>
  <message>End End action : Click button submit</message>
  <nestedLevel>2</nestedLevel>
</record>
<record>
  <date>2020-02-27T10:57:00</date>
  <millis>1582775820392</millis>
  <sequence>510</sequence>
  <level>START</level>
  <class>com.kms.katalon.core.logging.XmlKeywordLogger</class>
  <method>startKeyword</method>
  <thread>1</thread>
  <message>Start action : verify SSO Failure</message>
  <nestedLevel>2</nestedLevel>
</record>
<record>
  <date>2020-02-27T10:57:00</date>
  <millis>1582775820457</millis>
  <sequence>513</sequence>
  <level>PASSED</level>
  <class>com.kms.katalon.core.logging.XmlKeywordLogger</class>
  <method>logMessage</method>
  <thread>1</thread>
  <message>Text &amp;apos;SSO Failure&amp;apos; is present on page </message>
  <nestedLevel>2</nestedLevel>
</record>
<record>
  <date>2020-02-27T10:57:00</date>
  <millis>1582775820457</millis>
  <sequence>514</sequence>
  <level>PASSED</level>
  <class>com.kms.katalon.core.logging.XmlKeywordLogger</class>
  <method>logMessage</method>
  <thread>1</thread>
  <message>verify SSO Failure</message>
  <nestedLevel>2</nestedLevel>
</record>
<record>
  <date>2020-02-27T10:57:00</date>
  <millis>1582775820457</millis>
  <sequence>515</sequence>
  <level>END</level>
  <class>com.kms.katalon.core.logging.XmlKeywordLogger</class>
  <method>endKeyword</method>
  <thread>1</thread>
  <message>End End action : verify SSO Failure</message>
  <nestedLevel>2</nestedLevel>
</record>
<record>
  <date>2020-02-27T10:57:00</date>
  <millis>1582775820458</millis>
  <sequence>516</sequence>
  <level>START</level>
  <class>com.kms.katalon.core.logging.XmlKeywordLogger</class>
  <method>startKeyword</method>
  <thread>1</thread>
  <message>Start action : wait for minutes</message>
  <nestedLevel>2</nestedLevel>
</record>
<record>
  <date>2020-02-27T10:57:03</date>
  <millis>1582775823462</millis>
  <sequence>518</sequence>
  <level>PASSED</level>
  <class>com.kms.katalon.core.logging.XmlKeywordLogger</class>
  <method>logMessage</method>
  <thread>1</thread>
  <message>Delayed 3 second(s)</message>
  <nestedLevel>2</nestedLevel>
</record>
<record>
  <date>2020-02-27T10:57:03</date>
  <millis>1582775823464</millis>
  <sequence>519</sequence>
  <level>PASSED</level>
  <class>com.kms.katalon.core.logging.XmlKeywordLogger</class>
  <method>logMessage</method>
  <thread>1</thread>
  <message>wait for minutes</message>
  <nestedLevel>2</nestedLevel>
</record>
<record>
  <date>2020-02-27T10:57:03</date>
  <millis>1582775823464</millis>
  <sequence>520</sequence>
  <level>END</level>
  <class>com.kms.katalon.core.logging.XmlKeywordLogger</class>
  <method>endKeyword</method>
  <thread>1</thread>
  <message>End End action : wait for minutes</message>
  <nestedLevel>2</nestedLevel>
</record>
<record>
  <date>2020-02-27T10:57:03</date>
  <millis>1582775823465</millis>
  <sequence>521</sequence>
  <level>PASSED</level>
  <class>com.kms.katalon.core.logging.XmlKeywordLogger</class>
  <method>logMessage</method>
  <thread>1</thread>
  <message>SCENARIO Login</message>
  <nestedLevel>2</nestedLevel>
</record>
<record>
  <date>2020-02-27T10:57:03</date>
  <millis>1582775823465</millis>
  <sequence>522</sequence>
  <level>END</level>
  <class>com.kms.katalon.core.logging.XmlKeywordLogger</class>
  <method>endTest</method>
  <thread>1</thread>
  <message>End Test Case : SCENARIO Login</message>
  <nestedLevel>1</nestedLevel>
</record>
<record>
  <date>2020-02-27T10:57:03</date>
  <millis>1582775823466</millis>
  <sequence>523</sequence>
  <level>START</level>
  <class>com.kms.katalon.core.logging.XmlKeywordLogger</class>
  <method>startTest</method>
  <thread>1</thread>
  <message>Start Test Case : SCENARIO Login</message>
  <nestedLevel>2</nestedLevel>
</record>
<record>
  <date>2020-02-27T10:57:03</date>
  <millis>1582775823466</millis>
  <sequence>524</sequence>
  <level>START</level>
  <class>com.kms.katalon.core.logging.XmlKeywordLogger</class>
  <method>startKeyword</method>
  <thread>1</thread>
  <message>Start action : refresh the browser</message>
  <nestedLevel>2</nestedLevel>
</record>
<record>
  <date>2020-02-27T10:57:04</date>
  <millis>1582775824363</millis>
  <sequence>526</sequence>
  <level>PASSED</level>
  <class>com.kms.katalon.core.logging.XmlKeywordLogger</class>
  <method>logMessage</method>
  <thread>1</thread>
  <message>Refresh successfully</message>
  <nestedLevel>2</nestedLevel>
</record>
<record>
  <date>2020-02-27T10:57:04</date>
  <millis>1582775824363</millis>
  <sequence>527</sequence>
  <level>PASSED</level>
  <class>com.kms.katalon.core.logging.XmlKeywordLogger</class>
  <method>logMessage</method>
  <thread>1</thread>
  <message>refresh the browser</message>
  <nestedLevel>2</nestedLevel>
</record>
<record>
  <date>2020-02-27T10:57:04</date>
  <millis>1582775824363</millis>
  <sequence>528</sequence>
  <level>END</level>
  <class>com.kms.katalon.core.logging.XmlKeywordLogger</class>
  <method>endKeyword</method>
  <thread>1</thread>
  <message>End End action : refresh the browser</message>
  <nestedLevel>2</nestedLevel>
</record>
<record>
  <date>2020-02-27T10:57:04</date>
  <millis>1582775824364</millis>
  <sequence>529</sequence>
  <level>START</level>
  <class>com.kms.katalon.core.logging.XmlKeywordLogger</class>
  <method>startKeyword</method>
  <thread>1</thread>
  <message>Start action : input userid 0206051</message>
  <nestedLevel>2</nestedLevel>
</record>
<record>
  <date>2020-02-27T10:57:04</date>
  <millis>1582775824611</millis>
  <sequence>541</sequence>
  <level>PASSED</level>
  <class>com.kms.katalon.core.logging.XmlKeywordLogger</class>
  <method>logMessage</method>
  <thread>1</thread>
  <message>Text &amp;apos;0206051&amp;apos; is set on object &amp;apos;Object Repository/Page_Login/input_username&amp;apos;</message>
  <nestedLevel>2</nestedLevel>
</record>
<record>
  <date>2020-02-27T10:57:04</date>
  <millis>1582775824612</millis>
  <sequence>542</sequence>
  <level>PASSED</level>
  <class>com.kms.katalon.core.logging.XmlKeywordLogger</class>
  <method>logMessage</method>
  <thread>1</thread>
  <message>input userid 0206051</message>
  <nestedLevel>2</nestedLevel>
</record>
<record>
  <date>2020-02-27T10:57:04</date>
  <millis>1582775824612</millis>
  <sequence>543</sequence>
  <level>END</level>
  <class>com.kms.katalon.core.logging.XmlKeywordLogger</class>
  <method>endKeyword</method>
  <thread>1</thread>
  <message>End End action : input userid 0206051</message>
  <nestedLevel>2</nestedLevel>
</record>
<record>
  <date>2020-02-27T10:57:04</date>
  <millis>1582775824613</millis>
  <sequence>544</sequence>
  <level>START</level>
  <class>com.kms.katalon.core.logging.XmlKeywordLogger</class>
  <method>startKeyword</method>
  <thread>1</thread>
  <message>Start action : input password 00000000</message>
  <nestedLevel>2</nestedLevel>
</record>
<record>
  <date>2020-02-27T10:57:04</date>
  <millis>1582775824851</millis>
  <sequence>556</sequence>
  <level>PASSED</level>
  <class>com.kms.katalon.core.logging.XmlKeywordLogger</class>
  <method>logMessage</method>
  <thread>1</thread>
  <message>Text &amp;apos;00000000&amp;apos; is set on object &amp;apos;Object Repository/Page_Login/input_Password&amp;apos;</message>
  <nestedLevel>2</nestedLevel>
</record>
<record>
  <date>2020-02-27T10:57:04</date>
  <millis>1582775824851</millis>
  <sequence>557</sequence>
  <level>PASSED</level>
  <class>com.kms.katalon.core.logging.XmlKeywordLogger</class>
  <method>logMessage</method>
  <thread>1</thread>
  <message>input password 00000000</message>
  <nestedLevel>2</nestedLevel>
</record>
<record>
  <date>2020-02-27T10:57:04</date>
  <millis>1582775824851</millis>
  <sequence>558</sequence>
  <level>END</level>
  <class>com.kms.katalon.core.logging.XmlKeywordLogger</class>
  <method>endKeyword</method>
  <thread>1</thread>
  <message>End End action : input password 00000000</message>
  <nestedLevel>2</nestedLevel>
</record>
<record>
  <date>2020-02-27T10:57:04</date>
  <millis>1582775824852</millis>
  <sequence>559</sequence>
  <level>START</level>
  <class>com.kms.katalon.core.logging.XmlKeywordLogger</class>
  <method>startKeyword</method>
  <thread>1</thread>
  <message>Start action : Click button submit</message>
  <nestedLevel>2</nestedLevel>
</record>
<record>
  <date>2020-02-27T10:57:04</date>
  <millis>1582775824944</millis>
  <sequence>566</sequence>
  <level>PASSED</level>
  <class>com.kms.katalon.core.logging.XmlKeywordLogger</class>
  <method>logMessage</method>
  <thread>1</thread>
  <message>Object: &amp;apos;Object Repository/Page_Login/button_Login&amp;apos; is clicked on</message>
  <nestedLevel>2</nestedLevel>
</record>
<record>
  <date>2020-02-27T10:57:06</date>
  <millis>1582775826948</millis>
  <sequence>568</sequence>
  <level>PASSED</level>
  <class>com.kms.katalon.core.logging.XmlKeywordLogger</class>
  <method>logMessage</method>
  <thread>1</thread>
  <message>Delayed 2 second(s)</message>
  <nestedLevel>2</nestedLevel>
</record>
<record>
  <date>2020-02-27T10:57:06</date>
  <millis>1582775826948</millis>
  <sequence>569</sequence>
  <level>PASSED</level>
  <class>com.kms.katalon.core.logging.XmlKeywordLogger</class>
  <method>logMessage</method>
  <thread>1</thread>
  <message>Click button submit</message>
  <nestedLevel>2</nestedLevel>
</record>
<record>
  <date>2020-02-27T10:57:06</date>
  <millis>1582775826948</millis>
  <sequence>570</sequence>
  <level>END</level>
  <class>com.kms.katalon.core.logging.XmlKeywordLogger</class>
  <method>endKeyword</method>
  <thread>1</thread>
  <message>End End action : Click button submit</message>
  <nestedLevel>2</nestedLevel>
</record>
<record>
  <date>2020-02-27T10:57:06</date>
  <millis>1582775826949</millis>
  <sequence>571</sequence>
  <level>START</level>
  <class>com.kms.katalon.core.logging.XmlKeywordLogger</class>
  <method>startKeyword</method>
  <thread>1</thread>
  <message>Start action : verify ID Level 0206051 not found</message>
  <nestedLevel>2</nestedLevel>
</record>
<record>
  <date>2020-02-27T10:57:07</date>
  <millis>1582775827004</millis>
  <sequence>574</sequence>
  <level>PASSED</level>
  <class>com.kms.katalon.core.logging.XmlKeywordLogger</class>
  <method>logMessage</method>
  <thread>1</thread>
  <message>Text &amp;apos;ID Level 0206051 not found&amp;apos; is present on page </message>
  <nestedLevel>2</nestedLevel>
</record>
<record>
  <date>2020-02-27T10:57:07</date>
  <millis>1582775827005</millis>
  <sequence>575</sequence>
  <level>PASSED</level>
  <class>com.kms.katalon.core.logging.XmlKeywordLogger</class>
  <method>logMessage</method>
  <thread>1</thread>
  <message>verify ID Level 0206051 not found</message>
  <nestedLevel>2</nestedLevel>
</record>
<record>
  <date>2020-02-27T10:57:07</date>
  <millis>1582775827005</millis>
  <sequence>576</sequence>
  <level>END</level>
  <class>com.kms.katalon.core.logging.XmlKeywordLogger</class>
  <method>endKeyword</method>
  <thread>1</thread>
  <message>End End action : verify ID Level 0206051 not found</message>
  <nestedLevel>2</nestedLevel>
</record>
<record>
  <date>2020-02-27T10:57:07</date>
  <millis>1582775827005</millis>
  <sequence>577</sequence>
  <level>START</level>
  <class>com.kms.katalon.core.logging.XmlKeywordLogger</class>
  <method>startKeyword</method>
  <thread>1</thread>
  <message>Start action : wait for minutes</message>
  <nestedLevel>2</nestedLevel>
</record>
<record>
  <date>2020-02-27T10:57:10</date>
  <millis>1582775830012</millis>
  <sequence>579</sequence>
  <level>PASSED</level>
  <class>com.kms.katalon.core.logging.XmlKeywordLogger</class>
  <method>logMessage</method>
  <thread>1</thread>
  <message>Delayed 3 second(s)</message>
  <nestedLevel>2</nestedLevel>
</record>
<record>
  <date>2020-02-27T10:57:10</date>
  <millis>1582775830012</millis>
  <sequence>580</sequence>
  <level>PASSED</level>
  <class>com.kms.katalon.core.logging.XmlKeywordLogger</class>
  <method>logMessage</method>
  <thread>1</thread>
  <message>wait for minutes</message>
  <nestedLevel>2</nestedLevel>
</record>
<record>
  <date>2020-02-27T10:57:10</date>
  <millis>1582775830012</millis>
  <sequence>581</sequence>
  <level>END</level>
  <class>com.kms.katalon.core.logging.XmlKeywordLogger</class>
  <method>endKeyword</method>
  <thread>1</thread>
  <message>End End action : wait for minutes</message>
  <nestedLevel>2</nestedLevel>
</record>
<record>
  <date>2020-02-27T10:57:10</date>
  <millis>1582775830012</millis>
  <sequence>582</sequence>
  <level>PASSED</level>
  <class>com.kms.katalon.core.logging.XmlKeywordLogger</class>
  <method>logMessage</method>
  <thread>1</thread>
  <message>SCENARIO Login</message>
  <nestedLevel>2</nestedLevel>
</record>
<record>
  <date>2020-02-27T10:57:10</date>
  <millis>1582775830013</millis>
  <sequence>583</sequence>
  <level>END</level>
  <class>com.kms.katalon.core.logging.XmlKeywordLogger</class>
  <method>endTest</method>
  <thread>1</thread>
  <message>End Test Case : SCENARIO Login</message>
  <nestedLevel>1</nestedLevel>
</record>
<record>
  <date>2020-02-27T10:57:10</date>
  <millis>1582775830023</millis>
  <sequence>584</sequence>
  <level>PASSED</level>
  <class>com.kms.katalon.core.logging.XmlKeywordLogger</class>
  <method>logMessage</method>
  <thread>1</thread>
  <message>Feature file: &amp;apos;include/features/TC-Login_variation.feature&amp;apos; was passed</message>
  <nestedLevel>1</nestedLevel>
</record>
<record>
  <date>2020-02-27T10:57:10</date>
  <millis>1582775830030</millis>
  <sequence>585</sequence>
  <level>END</level>
  <class>com.kms.katalon.core.logging.XmlKeywordLogger</class>
  <method>endKeyword</method>
  <thread>1</thread>
  <message>End action : runFeatureFile(\&amp;quot;include/features/TC-Login.feature\&amp;quot;)</message>
  <nestedLevel>1</nestedLevel>
</record>
<record>
  <date>2020-02-27T10:57:10</date>
  <millis>1582775830030</millis>
  <sequence>586</sequence>
  <level>PASSED</level>
  <class>com.kms.katalon.core.logging.XmlKeywordLogger</class>
  <method>logMessage</method>
  <thread>1</thread>
  <message>Test Cases/TC01 - Login</message>
  <nestedLevel>1</nestedLevel>
</record>
<record>
  <date>2020-02-27T10:57:10</date>
  <millis>1582775830037</millis>
  <sequence>587</sequence>
  <level>END</level>
  <class>com.kms.katalon.core.logging.XmlKeywordLogger</class>
  <method>endTest</method>
  <thread>1</thread>
  <message>End Test Case : Test Cases/TC01 - Login</message>
  <nestedLevel>0</nestedLevel>
</record>
<record>
  <date>2020-02-27T10:57:10</date>
  <millis>1582775830244</millis>
  <sequence>588</sequence>
  <level>END</level>
  <class>com.kms.katalon.core.logging.XmlKeywordLogger</class>
  <method>endSuite</method>
  <thread>1</thread>
  <message>End Test Suite : Test Suites/SC - Login</message>
  <nestedLevel>0</nestedLevel>
</record>
</log>
