<?xml version="1.0" encoding="UTF-8" standalone="no"?>
<!DOCTYPE log SYSTEM "logger.dtd">
<log>
<record>
  <date>2020-04-17T16:44:47</date>
  <millis>1587116687101</millis>
  <sequence>0</sequence>
  <level>START</level>
  <class>com.kms.katalon.core.logging.XmlKeywordLogger</class>
  <method>startSuite</method>
  <thread>1</thread>
  <message>Start Test Suite : Test Suites/SearchCustomer/TS-SearchByNorek</message>
  <nestedLevel>0</nestedLevel>
  <property name="name">TS-SearchByNorek</property>
  <property name="description"></property>
  <property name="id">Test Suites/SearchCustomer/TS-SearchByNorek</property>
</record>
<record>
  <date>2020-04-17T16:44:47</date>
  <millis>1587116687121</millis>
  <sequence>1</sequence>
  <level>RUN_DATA</level>
  <class>com.kms.katalon.core.logging.XmlKeywordLogger</class>
  <method>logMessage</method>
  <thread>1</thread>
  <message>hostName = Citra Sandrauli - DESKTOP-IUT9I9T</message>
  <nestedLevel>0</nestedLevel>
  <property name="hostName">Citra Sandrauli - DESKTOP-IUT9I9T</property>
</record>
<record>
  <date>2020-04-17T16:44:47</date>
  <millis>1587116687123</millis>
  <sequence>2</sequence>
  <level>RUN_DATA</level>
  <class>com.kms.katalon.core.logging.XmlKeywordLogger</class>
  <method>logMessage</method>
  <thread>1</thread>
  <message>os = Windows 10 64bit</message>
  <nestedLevel>0</nestedLevel>
  <property name="os">Windows 10 64bit</property>
</record>
<record>
  <date>2020-04-17T16:44:47</date>
  <millis>1587116687124</millis>
  <sequence>3</sequence>
  <level>RUN_DATA</level>
  <class>com.kms.katalon.core.logging.XmlKeywordLogger</class>
  <method>logMessage</method>
  <thread>1</thread>
  <message>hostAddress = 192.168.139.90</message>
  <nestedLevel>0</nestedLevel>
  <property name="hostAddress">192.168.139.90</property>
</record>
<record>
  <date>2020-04-17T16:44:47</date>
  <millis>1587116687125</millis>
  <sequence>4</sequence>
  <level>RUN_DATA</level>
  <class>com.kms.katalon.core.logging.XmlKeywordLogger</class>
  <method>logMessage</method>
  <thread>1</thread>
  <message>katalonVersion = 7.3.0.1</message>
  <nestedLevel>0</nestedLevel>
  <property name="katalonVersion">7.3.0.1</property>
</record>
<record>
  <date>2020-04-17T16:44:47</date>
  <millis>1587116687535</millis>
  <sequence>5</sequence>
  <level>START</level>
  <class>com.kms.katalon.core.logging.XmlKeywordLogger</class>
  <method>startTest</method>
  <thread>1</thread>
  <message>Start Test Case : Test Cases/SearchCustomerBDD/SearchByNorek/TC05-SearchByNoRek</message>
  <nestedLevel>1</nestedLevel>
  <property name="name">Test Cases/SearchCustomerBDD/SearchByNorek/TC05-SearchByNoRek</property>
  <property name="description"></property>
  <property name="id">Test Cases/SearchCustomerBDD/SearchByNorek/TC05-SearchByNoRek</property>
  <property name="source">F:\\NDS\\Test Cases\\SearchCustomerBDD\\SearchByNorek\\TC05-SearchByNoRek.tc</property>
  <property name="tag"></property>
  <property name="isOptional">false</property>
</record>
<record>
  <date>2020-04-17T16:44:48</date>
  <millis>1587116688151</millis>
  <sequence>7</sequence>
  <level>INFO</level>
  <class>com.kms.katalon.core.logging.XmlKeywordLogger</class>
  <method>logMessage</method>
  <thread>1</thread>
  <message>Starting run keyword runFeatureFile: &amp;apos;include/features/login/login.feature&amp;apos; and extract report to folder: &amp;apos;F:\\NDS\\Reports\\20200417_164444\\SearchCustomer\\TS-SearchByNorek\\20200417_164444/cucumber_report/1587116688138&amp;apos;...</message>
  <nestedLevel>1</nestedLevel>
</record>
<record>
  <date>2020-04-17T16:44:48</date>
  <millis>1587116688929</millis>
  <sequence>8</sequence>
  <level>START</level>
  <class>com.kms.katalon.core.logging.XmlKeywordLogger</class>
  <method>startTest</method>
  <thread>1</thread>
  <message>Start Test Case : SCENARIO login</message>
  <nestedLevel>2</nestedLevel>
</record>
<record>
  <date>2020-04-17T16:44:49</date>
  <millis>1587116689381</millis>
  <sequence>10</sequence>
  <level>INFO</level>
  <class>com.kms.katalon.core.logging.XmlKeywordLogger</class>
  <method>logMessage</method>
  <thread>1</thread>
  <message>Starting &amp;apos;Chrome&amp;apos; driver</message>
  <nestedLevel>2</nestedLevel>
</record>
<record>
  <date>2020-04-17T16:44:49</date>
  <millis>1587116689481</millis>
  <sequence>12</sequence>
  <level>INFO</level>
  <class>com.kms.katalon.core.logging.XmlKeywordLogger</class>
  <method>logMessage</method>
  <thread>1</thread>
  <message>Action delay is set to 0 milliseconds</message>
  <nestedLevel>2</nestedLevel>
</record>
<record>
  <date>2020-04-17T16:44:54</date>
  <millis>1587116694611</millis>
  <sequence>14</sequence>
  <level>RUN_DATA</level>
  <class>com.kms.katalon.core.logging.XmlKeywordLogger</class>
  <method>logMessage</method>
  <thread>1</thread>
  <message>sessionId = 8f6803c3cf0a16cf1bbc8c94c4dc00f1</message>
  <nestedLevel>2</nestedLevel>
  <property name="sessionId">8f6803c3cf0a16cf1bbc8c94c4dc00f1</property>
</record>
<record>
  <date>2020-04-17T16:44:54</date>
  <millis>1587116694642</millis>
  <sequence>15</sequence>
  <level>RUN_DATA</level>
  <class>com.kms.katalon.core.logging.XmlKeywordLogger</class>
  <method>logMessage</method>
  <thread>1</thread>
  <message>browser = Chrome 81.0.4044.113</message>
  <nestedLevel>2</nestedLevel>
  <property name="browser">Chrome 81.0.4044.113</property>
</record>
<record>
  <date>2020-04-17T16:44:54</date>
  <millis>1587116694643</millis>
  <sequence>16</sequence>
  <level>RUN_DATA</level>
  <class>com.kms.katalon.core.logging.XmlKeywordLogger</class>
  <method>logMessage</method>
  <thread>1</thread>
  <message>platform = Windows 10</message>
  <nestedLevel>2</nestedLevel>
  <property name="platform">Windows 10</property>
</record>
<record>
  <date>2020-04-17T16:44:54</date>
  <millis>1587116694644</millis>
  <sequence>17</sequence>
  <level>RUN_DATA</level>
  <class>com.kms.katalon.core.logging.XmlKeywordLogger</class>
  <method>logMessage</method>
  <thread>1</thread>
  <message>seleniumVersion = 3.141.59</message>
  <nestedLevel>2</nestedLevel>
  <property name="seleniumVersion">3.141.59</property>
</record>
<record>
  <date>2020-04-17T16:44:54</date>
  <millis>1587116694644</millis>
  <sequence>18</sequence>
  <level>RUN_DATA</level>
  <class>com.kms.katalon.core.logging.XmlKeywordLogger</class>
  <method>logMessage</method>
  <thread>1</thread>
  <message>proxyInformation = ProxyInformation{proxyOption=NO_PROXY, proxyServerType=HTTP, password=, proxyServerAddress=, proxyServerPort=0, executionList=}</message>
  <nestedLevel>2</nestedLevel>
  <property name="proxyInformation">ProxyInformation{proxyOption=NO_PROXY, proxyServerType=HTTP, password=, proxyServerAddress=, proxyServerPort=0, executionList=}</property>
</record>
<record>
  <date>2020-04-17T16:44:54</date>
  <millis>1587116694677</millis>
  <sequence>19</sequence>
  <level>PASSED</level>
  <class>com.kms.katalon.core.logging.XmlKeywordLogger</class>
  <method>logMessage</method>
  <thread>1</thread>
  <message>Browser is opened with url: &amp;apos;&amp;apos;</message>
  <nestedLevel>2</nestedLevel>
</record>
<record>
  <date>2020-04-17T16:45:25</date>
  <millis>1587116725089</millis>
  <sequence>22</sequence>
  <level>PASSED</level>
  <class>com.kms.katalon.core.logging.XmlKeywordLogger</class>
  <method>logMessage</method>
  <thread>1</thread>
  <message>Navigate to &amp;apos;http://172.18.136.38/#/login&amp;apos; successfully</message>
  <nestedLevel>2</nestedLevel>
</record>
<record>
  <date>2020-04-17T16:45:27</date>
  <millis>1587116727248</millis>
  <sequence>24</sequence>
  <level>PASSED</level>
  <class>com.kms.katalon.core.logging.XmlKeywordLogger</class>
  <method>logMessage</method>
  <thread>1</thread>
  <message>Current window maximized</message>
  <nestedLevel>2</nestedLevel>
</record>
<record>
  <date>2020-04-17T16:45:27</date>
  <millis>1587116727251</millis>
  <sequence>25</sequence>
  <level>PASSED</level>
  <class>com.kms.katalon.core.logging.XmlKeywordLogger</class>
  <method>logMessage</method>
  <thread>1</thread>
  <message>user berada di halaman login</message>
  <nestedLevel>2</nestedLevel>
</record>
<record>
  <date>2020-04-17T16:45:28</date>
  <millis>1587116728018</millis>
  <sequence>41</sequence>
  <level>PASSED</level>
  <class>com.kms.katalon.core.logging.XmlKeywordLogger</class>
  <method>logMessage</method>
  <thread>1</thread>
  <message>Text &amp;apos;0206196&amp;apos; is set on object &amp;apos;Object Repository/login/Page_New Delivery System/input_New Delivery System_useridsso&amp;apos;</message>
  <nestedLevel>2</nestedLevel>
</record>
<record>
  <date>2020-04-17T16:45:28</date>
  <millis>1587116728019</millis>
  <sequence>42</sequence>
  <level>PASSED</level>
  <class>com.kms.katalon.core.logging.XmlKeywordLogger</class>
  <method>logMessage</method>
  <thread>1</thread>
  <message>user input username 0206196</message>
  <nestedLevel>2</nestedLevel>
</record>
<record>
  <date>2020-04-17T16:45:28</date>
  <millis>1587116728710</millis>
  <sequence>58</sequence>
  <level>PASSED</level>
  <class>com.kms.katalon.core.logging.XmlKeywordLogger</class>
  <method>logMessage</method>
  <thread>1</thread>
  <message>Text &amp;apos;00000000&amp;apos; is set on object &amp;apos;Object Repository/login/Page_New Delivery System/input_User ID_passwordsso&amp;apos;</message>
  <nestedLevel>2</nestedLevel>
</record>
<record>
  <date>2020-04-17T16:45:28</date>
  <millis>1587116728712</millis>
  <sequence>59</sequence>
  <level>PASSED</level>
  <class>com.kms.katalon.core.logging.XmlKeywordLogger</class>
  <method>logMessage</method>
  <thread>1</thread>
  <message>user input password 00000000</message>
  <nestedLevel>2</nestedLevel>
</record>
<record>
  <date>2020-04-17T16:45:29</date>
  <millis>1587116729295</millis>
  <sequence>68</sequence>
  <level>PASSED</level>
  <class>com.kms.katalon.core.logging.XmlKeywordLogger</class>
  <method>logMessage</method>
  <thread>1</thread>
  <message>Object: &amp;apos;Object Repository/login/Page_New Delivery System/div_Login&amp;apos; is clicked on</message>
  <nestedLevel>2</nestedLevel>
</record>
<record>
  <date>2020-04-17T16:45:29</date>
  <millis>1587116729298</millis>
  <sequence>69</sequence>
  <level>PASSED</level>
  <class>com.kms.katalon.core.logging.XmlKeywordLogger</class>
  <method>logMessage</method>
  <thread>1</thread>
  <message>user klik submit</message>
  <nestedLevel>2</nestedLevel>
</record>
<record>
  <date>2020-04-17T16:45:29</date>
  <millis>1587116729303</millis>
  <sequence>70</sequence>
  <level>PASSED</level>
  <class>com.kms.katalon.core.logging.XmlKeywordLogger</class>
  <method>logMessage</method>
  <thread>1</thread>
  <message>SCENARIO login</message>
  <nestedLevel>2</nestedLevel>
</record>
<record>
  <date>2020-04-17T16:45:29</date>
  <millis>1587116729303</millis>
  <sequence>71</sequence>
  <level>END</level>
  <class>com.kms.katalon.core.logging.XmlKeywordLogger</class>
  <method>endTest</method>
  <thread>1</thread>
  <message>End Test Case : SCENARIO login</message>
  <nestedLevel>1</nestedLevel>
</record>
<record>
  <date>2020-04-17T16:45:29</date>
  <millis>1587116729392</millis>
  <sequence>72</sequence>
  <level>PASSED</level>
  <class>com.kms.katalon.core.logging.XmlKeywordLogger</class>
  <method>logMessage</method>
  <thread>1</thread>
  <message>Feature file: &amp;apos;include/features/login/login.feature&amp;apos; was passed</message>
  <nestedLevel>1</nestedLevel>
</record>
<record>
  <date>2020-04-17T16:45:29</date>
  <millis>1587116729393</millis>
  <sequence>73</sequence>
  <level>INFO</level>
  <class>com.kms.katalon.core.logging.XmlKeywordLogger</class>
  <method>logMessage</method>
  <thread>1</thread>
  <message>Starting run keyword runFeatureFile: &amp;apos;include/features/SearchCustomer/SearchByNoRek.feature&amp;apos; and extract report to folder: &amp;apos;F:\\NDS\\Reports\\20200417_164444\\SearchCustomer\\TS-SearchByNorek\\20200417_164444/cucumber_report/1587116729392&amp;apos;...</message>
  <nestedLevel>1</nestedLevel>
</record>
<record>
  <date>2020-04-17T16:45:29</date>
  <millis>1587116729446</millis>
  <sequence>74</sequence>
  <level>START</level>
  <class>com.kms.katalon.core.logging.XmlKeywordLogger</class>
  <method>startTest</method>
  <thread>1</thread>
  <message>Start Test Case : SCENARIO SearchByNoRek</message>
  <nestedLevel>2</nestedLevel>
</record>
<record>
  <date>2020-04-17T16:45:30</date>
  <millis>1587116730305</millis>
  <sequence>83</sequence>
  <level>PASSED</level>
  <class>com.kms.katalon.core.logging.XmlKeywordLogger</class>
  <method>logMessage</method>
  <thread>1</thread>
  <message>Object: &amp;apos;Object Repository/SearchCustomer/Page_listData/div_Non Monetary&amp;apos; is clicked on</message>
  <nestedLevel>2</nestedLevel>
</record>
<record>
  <date>2020-04-17T16:45:30</date>
  <millis>1587116730306</millis>
  <sequence>84</sequence>
  <level>PASSED</level>
  <class>com.kms.katalon.core.logging.XmlKeywordLogger</class>
  <method>logMessage</method>
  <thread>1</thread>
  <message>user klik non monitory</message>
  <nestedLevel>2</nestedLevel>
</record>
<record>
  <date>2020-04-17T16:45:31</date>
  <millis>1587116731554</millis>
  <sequence>93</sequence>
  <level>PASSED</level>
  <class>com.kms.katalon.core.logging.XmlKeywordLogger</class>
  <method>logMessage</method>
  <thread>1</thread>
  <message>Object: &amp;apos;Object Repository/SearchCustomer/SearchByCIF/Page_New Delivery System/div_CIF&amp;apos; is clicked on</message>
  <nestedLevel>2</nestedLevel>
</record>
<record>
  <date>2020-04-17T16:45:31</date>
  <millis>1587116731555</millis>
  <sequence>94</sequence>
  <level>PASSED</level>
  <class>com.kms.katalon.core.logging.XmlKeywordLogger</class>
  <method>logMessage</method>
  <thread>1</thread>
  <message>user klik CIF</message>
  <nestedLevel>2</nestedLevel>
</record>
<record>
  <date>2020-04-17T16:45:31</date>
  <millis>1587116731933</millis>
  <sequence>103</sequence>
  <level>PASSED</level>
  <class>com.kms.katalon.core.logging.XmlKeywordLogger</class>
  <method>logMessage</method>
  <thread>1</thread>
  <message>Object: &amp;apos;Object Repository/SearchCustomer/SearchByCIF/Page_New Delivery System/div_Inquiry&amp;apos; is clicked on</message>
  <nestedLevel>2</nestedLevel>
</record>
<record>
  <date>2020-04-17T16:45:31</date>
  <millis>1587116731934</millis>
  <sequence>104</sequence>
  <level>PASSED</level>
  <class>com.kms.katalon.core.logging.XmlKeywordLogger</class>
  <method>logMessage</method>
  <thread>1</thread>
  <message>user klik inquiry</message>
  <nestedLevel>2</nestedLevel>
</record>
<record>
  <date>2020-04-17T16:45:33</date>
  <millis>1587116733027</millis>
  <sequence>120</sequence>
  <level>PASSED</level>
  <class>com.kms.katalon.core.logging.XmlKeywordLogger</class>
  <method>logMessage</method>
  <thread>1</thread>
  <message>Text &amp;apos;020601000002561&amp;apos; is set on object &amp;apos;Object Repository/SearchCustomer/SearchByNorek/Page_New Delivery System/input_Search CIF_f_57612b1a-2b3f-4c21-a6a4-09fd12418857&amp;apos;</message>
  <nestedLevel>2</nestedLevel>
</record>
<record>
  <date>2020-04-17T16:45:33</date>
  <millis>1587116733029</millis>
  <sequence>121</sequence>
  <level>PASSED</level>
  <class>com.kms.katalon.core.logging.XmlKeywordLogger</class>
  <method>logMessage</method>
  <thread>1</thread>
  <message>user input account 020601000002561</message>
  <nestedLevel>2</nestedLevel>
</record>
<record>
  <date>2020-04-17T16:45:33</date>
  <millis>1587116733599</millis>
  <sequence>130</sequence>
  <level>PASSED</level>
  <class>com.kms.katalon.core.logging.XmlKeywordLogger</class>
  <method>logMessage</method>
  <thread>1</thread>
  <message>Object: &amp;apos;Object Repository/SearchCustomer/Page_listData/div_Search&amp;apos; is clicked on</message>
  <nestedLevel>2</nestedLevel>
</record>
<record>
  <date>2020-04-17T16:45:35</date>
  <millis>1587116735622</millis>
  <sequence>132</sequence>
  <level>PASSED</level>
  <class>com.kms.katalon.core.logging.XmlKeywordLogger</class>
  <method>logMessage</method>
  <thread>1</thread>
  <message>Delayed 2 second(s)</message>
  <nestedLevel>2</nestedLevel>
</record>
<record>
  <date>2020-04-17T16:45:35</date>
  <millis>1587116735622</millis>
  <sequence>133</sequence>
  <level>PASSED</level>
  <class>com.kms.katalon.core.logging.XmlKeywordLogger</class>
  <method>logMessage</method>
  <thread>1</thread>
  <message>user klik button search</message>
  <nestedLevel>2</nestedLevel>
</record>
<record>
  <date>2020-04-17T16:45:35</date>
  <millis>1587116735624</millis>
  <sequence>134</sequence>
  <level>PASSED</level>
  <class>com.kms.katalon.core.logging.XmlKeywordLogger</class>
  <method>logMessage</method>
  <thread>1</thread>
  <message>SCENARIO SearchByNoRek</message>
  <nestedLevel>2</nestedLevel>
</record>
<record>
  <date>2020-04-17T16:45:35</date>
  <millis>1587116735624</millis>
  <sequence>135</sequence>
  <level>END</level>
  <class>com.kms.katalon.core.logging.XmlKeywordLogger</class>
  <method>endTest</method>
  <thread>1</thread>
  <message>End Test Case : SCENARIO SearchByNoRek</message>
  <nestedLevel>1</nestedLevel>
</record>
<record>
  <date>2020-04-17T16:45:35</date>
  <millis>1587116735634</millis>
  <sequence>136</sequence>
  <level>PASSED</level>
  <class>com.kms.katalon.core.logging.XmlKeywordLogger</class>
  <method>logMessage</method>
  <thread>1</thread>
  <message>Feature file: &amp;apos;include/features/SearchCustomer/SearchByNoRek.feature&amp;apos; was passed</message>
  <nestedLevel>1</nestedLevel>
</record>
<record>
  <date>2020-04-17T16:45:35</date>
  <millis>1587116735634</millis>
  <sequence>137</sequence>
  <level>PASSED</level>
  <class>com.kms.katalon.core.logging.XmlKeywordLogger</class>
  <method>logMessage</method>
  <thread>1</thread>
  <message>Test Cases/SearchCustomerBDD/SearchByNorek/TC05-SearchByNoRek</message>
  <nestedLevel>1</nestedLevel>
</record>
<record>
  <date>2020-04-17T16:45:35</date>
  <millis>1587116735634</millis>
  <sequence>138</sequence>
  <level>END</level>
  <class>com.kms.katalon.core.logging.XmlKeywordLogger</class>
  <method>endTest</method>
  <thread>1</thread>
  <message>End Test Case : Test Cases/SearchCustomerBDD/SearchByNorek/TC05-SearchByNoRek</message>
  <nestedLevel>0</nestedLevel>
</record>
<record>
  <date>2020-04-17T16:45:36</date>
  <millis>1587116736414</millis>
  <sequence>139</sequence>
  <level>END</level>
  <class>com.kms.katalon.core.logging.XmlKeywordLogger</class>
  <method>endSuite</method>
  <thread>1</thread>
  <message>End Test Suite : Test Suites/SearchCustomer/TS-SearchByNorek</message>
  <nestedLevel>0</nestedLevel>
</record>
</log>
