<?xml version="1.0" encoding="UTF-8" standalone="no"?>
<!DOCTYPE log SYSTEM "logger.dtd">
<log>
<record>
  <date>2020-04-17T23:15:43</date>
  <millis>1587140143864</millis>
  <sequence>0</sequence>
  <level>START</level>
  <class>com.kms.katalon.core.logging.XmlKeywordLogger</class>
  <method>startSuite</method>
  <thread>1</thread>
  <message>Start Test Suite : Test Suites/SearchCustomer/TS-SearchByNameTglLahir</message>
  <nestedLevel>0</nestedLevel>
  <property name="name">TS-SearchByNameTglLahir</property>
  <property name="description"></property>
  <property name="id">Test Suites/SearchCustomer/TS-SearchByNameTglLahir</property>
</record>
<record>
  <date>2020-04-17T23:15:43</date>
  <millis>1587140143891</millis>
  <sequence>1</sequence>
  <level>RUN_DATA</level>
  <class>com.kms.katalon.core.logging.XmlKeywordLogger</class>
  <method>logMessage</method>
  <thread>1</thread>
  <message>hostName = Citra Sandrauli - DESKTOP-IUT9I9T</message>
  <nestedLevel>0</nestedLevel>
  <property name="hostName">Citra Sandrauli - DESKTOP-IUT9I9T</property>
</record>
<record>
  <date>2020-04-17T23:15:43</date>
  <millis>1587140143893</millis>
  <sequence>2</sequence>
  <level>RUN_DATA</level>
  <class>com.kms.katalon.core.logging.XmlKeywordLogger</class>
  <method>logMessage</method>
  <thread>1</thread>
  <message>os = Windows 10 64bit</message>
  <nestedLevel>0</nestedLevel>
  <property name="os">Windows 10 64bit</property>
</record>
<record>
  <date>2020-04-17T23:15:43</date>
  <millis>1587140143895</millis>
  <sequence>3</sequence>
  <level>RUN_DATA</level>
  <class>com.kms.katalon.core.logging.XmlKeywordLogger</class>
  <method>logMessage</method>
  <thread>1</thread>
  <message>hostAddress = 192.168.139.90</message>
  <nestedLevel>0</nestedLevel>
  <property name="hostAddress">192.168.139.90</property>
</record>
<record>
  <date>2020-04-17T23:15:43</date>
  <millis>1587140143897</millis>
  <sequence>4</sequence>
  <level>RUN_DATA</level>
  <class>com.kms.katalon.core.logging.XmlKeywordLogger</class>
  <method>logMessage</method>
  <thread>1</thread>
  <message>katalonVersion = 7.3.0.1</message>
  <nestedLevel>0</nestedLevel>
  <property name="katalonVersion">7.3.0.1</property>
</record>
<record>
  <date>2020-04-17T23:15:44</date>
  <millis>1587140144233</millis>
  <sequence>5</sequence>
  <level>START</level>
  <class>com.kms.katalon.core.logging.XmlKeywordLogger</class>
  <method>startTest</method>
  <thread>1</thread>
  <message>Start Test Case : Test Cases/SearchCustomerBDD/SearchByName_TglLahir/TC03-SearchByNama_TglLahir</message>
  <nestedLevel>1</nestedLevel>
  <property name="name">Test Cases/SearchCustomerBDD/SearchByName_TglLahir/TC03-SearchByNama_TglLahir</property>
  <property name="description"></property>
  <property name="id">Test Cases/SearchCustomerBDD/SearchByName_TglLahir/TC03-SearchByNama_TglLahir</property>
  <property name="source">F:\\NDS\\Test Cases\\SearchCustomerBDD\\SearchByName_TglLahir\\TC03-SearchByNama_TglLahir.tc</property>
  <property name="tag"></property>
  <property name="isOptional">false</property>
</record>
<record>
  <date>2020-04-17T23:15:44</date>
  <millis>1587140144697</millis>
  <sequence>7</sequence>
  <level>INFO</level>
  <class>com.kms.katalon.core.logging.XmlKeywordLogger</class>
  <method>logMessage</method>
  <thread>1</thread>
  <message>Starting run keyword runFeatureFile: &amp;apos;include/features/login/login.feature&amp;apos; and extract report to folder: &amp;apos;F:\\NDS\\Reports\\20200417_231541\\SearchCustomer\\TS-SearchByNameTglLahir\\20200417_231541/cucumber_report/1587140144687&amp;apos;...</message>
  <nestedLevel>1</nestedLevel>
</record>
<record>
  <date>2020-04-17T23:15:45</date>
  <millis>1587140145233</millis>
  <sequence>8</sequence>
  <level>START</level>
  <class>com.kms.katalon.core.logging.XmlKeywordLogger</class>
  <method>startTest</method>
  <thread>1</thread>
  <message>Start Test Case : SCENARIO login</message>
  <nestedLevel>2</nestedLevel>
</record>
<record>
  <date>2020-04-17T23:15:45</date>
  <millis>1587140145540</millis>
  <sequence>10</sequence>
  <level>INFO</level>
  <class>com.kms.katalon.core.logging.XmlKeywordLogger</class>
  <method>logMessage</method>
  <thread>1</thread>
  <message>Starting &amp;apos;Chrome&amp;apos; driver</message>
  <nestedLevel>2</nestedLevel>
</record>
<record>
  <date>2020-04-17T23:15:45</date>
  <millis>1587140145594</millis>
  <sequence>12</sequence>
  <level>INFO</level>
  <class>com.kms.katalon.core.logging.XmlKeywordLogger</class>
  <method>logMessage</method>
  <thread>1</thread>
  <message>Action delay is set to 0 milliseconds</message>
  <nestedLevel>2</nestedLevel>
</record>
<record>
  <date>2020-04-17T23:15:50</date>
  <millis>1587140150299</millis>
  <sequence>14</sequence>
  <level>RUN_DATA</level>
  <class>com.kms.katalon.core.logging.XmlKeywordLogger</class>
  <method>logMessage</method>
  <thread>1</thread>
  <message>sessionId = f868e8851829cbc0660b8de626c1873d</message>
  <nestedLevel>2</nestedLevel>
  <property name="sessionId">f868e8851829cbc0660b8de626c1873d</property>
</record>
<record>
  <date>2020-04-17T23:15:50</date>
  <millis>1587140150319</millis>
  <sequence>15</sequence>
  <level>RUN_DATA</level>
  <class>com.kms.katalon.core.logging.XmlKeywordLogger</class>
  <method>logMessage</method>
  <thread>1</thread>
  <message>browser = Chrome 81.0.4044.113</message>
  <nestedLevel>2</nestedLevel>
  <property name="browser">Chrome 81.0.4044.113</property>
</record>
<record>
  <date>2020-04-17T23:15:50</date>
  <millis>1587140150320</millis>
  <sequence>16</sequence>
  <level>RUN_DATA</level>
  <class>com.kms.katalon.core.logging.XmlKeywordLogger</class>
  <method>logMessage</method>
  <thread>1</thread>
  <message>platform = Windows 10</message>
  <nestedLevel>2</nestedLevel>
  <property name="platform">Windows 10</property>
</record>
<record>
  <date>2020-04-17T23:15:50</date>
  <millis>1587140150321</millis>
  <sequence>17</sequence>
  <level>RUN_DATA</level>
  <class>com.kms.katalon.core.logging.XmlKeywordLogger</class>
  <method>logMessage</method>
  <thread>1</thread>
  <message>seleniumVersion = 3.141.59</message>
  <nestedLevel>2</nestedLevel>
  <property name="seleniumVersion">3.141.59</property>
</record>
<record>
  <date>2020-04-17T23:15:50</date>
  <millis>1587140150323</millis>
  <sequence>18</sequence>
  <level>RUN_DATA</level>
  <class>com.kms.katalon.core.logging.XmlKeywordLogger</class>
  <method>logMessage</method>
  <thread>1</thread>
  <message>proxyInformation = ProxyInformation{proxyOption=NO_PROXY, proxyServerType=HTTP, password=, proxyServerAddress=, proxyServerPort=0, executionList=}</message>
  <nestedLevel>2</nestedLevel>
  <property name="proxyInformation">ProxyInformation{proxyOption=NO_PROXY, proxyServerType=HTTP, password=, proxyServerAddress=, proxyServerPort=0, executionList=}</property>
</record>
<record>
  <date>2020-04-17T23:15:50</date>
  <millis>1587140150336</millis>
  <sequence>19</sequence>
  <level>PASSED</level>
  <class>com.kms.katalon.core.logging.XmlKeywordLogger</class>
  <method>logMessage</method>
  <thread>1</thread>
  <message>Browser is opened with url: &amp;apos;&amp;apos;</message>
  <nestedLevel>2</nestedLevel>
</record>
<record>
  <date>2020-04-17T23:15:53</date>
  <millis>1587140153039</millis>
  <sequence>22</sequence>
  <level>PASSED</level>
  <class>com.kms.katalon.core.logging.XmlKeywordLogger</class>
  <method>logMessage</method>
  <thread>1</thread>
  <message>Navigate to &amp;apos;http://172.18.136.38/#/login&amp;apos; successfully</message>
  <nestedLevel>2</nestedLevel>
</record>
<record>
  <date>2020-04-17T23:15:55</date>
  <millis>1587140155186</millis>
  <sequence>24</sequence>
  <level>PASSED</level>
  <class>com.kms.katalon.core.logging.XmlKeywordLogger</class>
  <method>logMessage</method>
  <thread>1</thread>
  <message>Current window maximized</message>
  <nestedLevel>2</nestedLevel>
</record>
<record>
  <date>2020-04-17T23:15:55</date>
  <millis>1587140155188</millis>
  <sequence>25</sequence>
  <level>PASSED</level>
  <class>com.kms.katalon.core.logging.XmlKeywordLogger</class>
  <method>logMessage</method>
  <thread>1</thread>
  <message>user berada di halaman login</message>
  <nestedLevel>2</nestedLevel>
</record>
<record>
  <date>2020-04-17T23:15:56</date>
  <millis>1587140156009</millis>
  <sequence>41</sequence>
  <level>PASSED</level>
  <class>com.kms.katalon.core.logging.XmlKeywordLogger</class>
  <method>logMessage</method>
  <thread>1</thread>
  <message>Text &amp;apos;0206196&amp;apos; is set on object &amp;apos;Object Repository/login/Page_New Delivery System/input_New Delivery System_useridsso&amp;apos;</message>
  <nestedLevel>2</nestedLevel>
</record>
<record>
  <date>2020-04-17T23:15:56</date>
  <millis>1587140156010</millis>
  <sequence>42</sequence>
  <level>PASSED</level>
  <class>com.kms.katalon.core.logging.XmlKeywordLogger</class>
  <method>logMessage</method>
  <thread>1</thread>
  <message>user input username 0206196</message>
  <nestedLevel>2</nestedLevel>
</record>
<record>
  <date>2020-04-17T23:15:56</date>
  <millis>1587140156744</millis>
  <sequence>58</sequence>
  <level>PASSED</level>
  <class>com.kms.katalon.core.logging.XmlKeywordLogger</class>
  <method>logMessage</method>
  <thread>1</thread>
  <message>Text &amp;apos;00000000&amp;apos; is set on object &amp;apos;Object Repository/login/Page_New Delivery System/input_User ID_passwordsso&amp;apos;</message>
  <nestedLevel>2</nestedLevel>
</record>
<record>
  <date>2020-04-17T23:15:56</date>
  <millis>1587140156746</millis>
  <sequence>59</sequence>
  <level>PASSED</level>
  <class>com.kms.katalon.core.logging.XmlKeywordLogger</class>
  <method>logMessage</method>
  <thread>1</thread>
  <message>user input password 00000000</message>
  <nestedLevel>2</nestedLevel>
</record>
<record>
  <date>2020-04-17T23:15:57</date>
  <millis>1587140157305</millis>
  <sequence>68</sequence>
  <level>PASSED</level>
  <class>com.kms.katalon.core.logging.XmlKeywordLogger</class>
  <method>logMessage</method>
  <thread>1</thread>
  <message>Object: &amp;apos;Object Repository/login/Page_New Delivery System/div_Login&amp;apos; is clicked on</message>
  <nestedLevel>2</nestedLevel>
</record>
<record>
  <date>2020-04-17T23:15:57</date>
  <millis>1587140157306</millis>
  <sequence>69</sequence>
  <level>PASSED</level>
  <class>com.kms.katalon.core.logging.XmlKeywordLogger</class>
  <method>logMessage</method>
  <thread>1</thread>
  <message>user klik submit</message>
  <nestedLevel>2</nestedLevel>
</record>
<record>
  <date>2020-04-17T23:15:57</date>
  <millis>1587140157313</millis>
  <sequence>70</sequence>
  <level>PASSED</level>
  <class>com.kms.katalon.core.logging.XmlKeywordLogger</class>
  <method>logMessage</method>
  <thread>1</thread>
  <message>SCENARIO login</message>
  <nestedLevel>2</nestedLevel>
</record>
<record>
  <date>2020-04-17T23:15:57</date>
  <millis>1587140157313</millis>
  <sequence>71</sequence>
  <level>END</level>
  <class>com.kms.katalon.core.logging.XmlKeywordLogger</class>
  <method>endTest</method>
  <thread>1</thread>
  <message>End Test Case : SCENARIO login</message>
  <nestedLevel>1</nestedLevel>
</record>
<record>
  <date>2020-04-17T23:15:57</date>
  <millis>1587140157411</millis>
  <sequence>72</sequence>
  <level>PASSED</level>
  <class>com.kms.katalon.core.logging.XmlKeywordLogger</class>
  <method>logMessage</method>
  <thread>1</thread>
  <message>Feature file: &amp;apos;include/features/login/login.feature&amp;apos; was passed</message>
  <nestedLevel>1</nestedLevel>
</record>
<record>
  <date>2020-04-17T23:15:57</date>
  <millis>1587140157413</millis>
  <sequence>73</sequence>
  <level>INFO</level>
  <class>com.kms.katalon.core.logging.XmlKeywordLogger</class>
  <method>logMessage</method>
  <thread>1</thread>
  <message>Starting run keyword runFeatureFile: &amp;apos;include/features/SearchCustomer/SearchByName.feature&amp;apos; and extract report to folder: &amp;apos;F:\\NDS\\Reports\\20200417_231541\\SearchCustomer\\TS-SearchByNameTglLahir\\20200417_231541/cucumber_report/1587140157413&amp;apos;...</message>
  <nestedLevel>1</nestedLevel>
</record>
<record>
  <date>2020-04-17T23:15:57</date>
  <millis>1587140157511</millis>
  <sequence>74</sequence>
  <level>START</level>
  <class>com.kms.katalon.core.logging.XmlKeywordLogger</class>
  <method>startTest</method>
  <thread>1</thread>
  <message>Start Test Case : SCENARIO Search By Name</message>
  <nestedLevel>2</nestedLevel>
</record>
<record>
  <date>2020-04-17T23:15:58</date>
  <millis>1587140158621</millis>
  <sequence>83</sequence>
  <level>PASSED</level>
  <class>com.kms.katalon.core.logging.XmlKeywordLogger</class>
  <method>logMessage</method>
  <thread>1</thread>
  <message>Object: &amp;apos;Object Repository/SearchCustomer/Page_listData/div_Non Monetary&amp;apos; is clicked on</message>
  <nestedLevel>2</nestedLevel>
</record>
<record>
  <date>2020-04-17T23:15:58</date>
  <millis>1587140158622</millis>
  <sequence>84</sequence>
  <level>PASSED</level>
  <class>com.kms.katalon.core.logging.XmlKeywordLogger</class>
  <method>logMessage</method>
  <thread>1</thread>
  <message>user klik non monitory</message>
  <nestedLevel>2</nestedLevel>
</record>
<record>
  <date>2020-04-17T23:15:59</date>
  <millis>1587140159001</millis>
  <sequence>93</sequence>
  <level>PASSED</level>
  <class>com.kms.katalon.core.logging.XmlKeywordLogger</class>
  <method>logMessage</method>
  <thread>1</thread>
  <message>Object: &amp;apos;Object Repository/SearchCustomer/SearchByCIF/Page_New Delivery System/div_CIF&amp;apos; is clicked on</message>
  <nestedLevel>2</nestedLevel>
</record>
<record>
  <date>2020-04-17T23:15:59</date>
  <millis>1587140159001</millis>
  <sequence>94</sequence>
  <level>PASSED</level>
  <class>com.kms.katalon.core.logging.XmlKeywordLogger</class>
  <method>logMessage</method>
  <thread>1</thread>
  <message>user klik CIF</message>
  <nestedLevel>2</nestedLevel>
</record>
<record>
  <date>2020-04-17T23:15:59</date>
  <millis>1587140159412</millis>
  <sequence>103</sequence>
  <level>PASSED</level>
  <class>com.kms.katalon.core.logging.XmlKeywordLogger</class>
  <method>logMessage</method>
  <thread>1</thread>
  <message>Object: &amp;apos;Object Repository/SearchCustomer/SearchByCIF/Page_New Delivery System/div_Inquiry&amp;apos; is clicked on</message>
  <nestedLevel>2</nestedLevel>
</record>
<record>
  <date>2020-04-17T23:15:59</date>
  <millis>1587140159413</millis>
  <sequence>104</sequence>
  <level>PASSED</level>
  <class>com.kms.katalon.core.logging.XmlKeywordLogger</class>
  <method>logMessage</method>
  <thread>1</thread>
  <message>user klik inquiry</message>
  <nestedLevel>2</nestedLevel>
</record>
<record>
  <date>2020-04-17T23:16:00</date>
  <millis>1587140160536</millis>
  <sequence>120</sequence>
  <level>PASSED</level>
  <class>com.kms.katalon.core.logging.XmlKeywordLogger</class>
  <method>logMessage</method>
  <thread>1</thread>
  <message>Text &amp;apos;&amp;lt;nama&amp;gt;&amp;apos; is set on object &amp;apos;Object Repository/SearchCustomer/SearchByName_TglLahir/Page_New Delivery System/input_No ID_f_4e2e57ba-799f-4808-80bf-7bc073b9b956&amp;apos;</message>
  <nestedLevel>2</nestedLevel>
</record>
<record>
  <date>2020-04-17T23:16:00</date>
  <millis>1587140160537</millis>
  <sequence>121</sequence>
  <level>PASSED</level>
  <class>com.kms.katalon.core.logging.XmlKeywordLogger</class>
  <method>logMessage</method>
  <thread>1</thread>
  <message>user input nama &amp;lt;nama&amp;gt;</message>
  <nestedLevel>2</nestedLevel>
</record>
<record>
  <date>2020-04-17T23:16:01</date>
  <millis>1587140161417</millis>
  <sequence>137</sequence>
  <level>PASSED</level>
  <class>com.kms.katalon.core.logging.XmlKeywordLogger</class>
  <method>logMessage</method>
  <thread>1</thread>
  <message>Text &amp;apos;1983-05-04&amp;apos; is set on object &amp;apos;Object Repository/SearchCustomer/SearchByName_TglLahir/Page_New Delivery System/input_Nama Lengkap_f_d0029c16-0d10-4648-bf4d-4ed8580c0b62&amp;apos;</message>
  <nestedLevel>2</nestedLevel>
</record>
<record>
  <date>2020-04-17T23:16:01</date>
  <millis>1587140161418</millis>
  <sequence>138</sequence>
  <level>PASSED</level>
  <class>com.kms.katalon.core.logging.XmlKeywordLogger</class>
  <method>logMessage</method>
  <thread>1</thread>
  <message>user input tgl_lahir 1983-05-04</message>
  <nestedLevel>2</nestedLevel>
</record>
<record>
  <date>2020-04-17T23:16:01</date>
  <millis>1587140161828</millis>
  <sequence>147</sequence>
  <level>PASSED</level>
  <class>com.kms.katalon.core.logging.XmlKeywordLogger</class>
  <method>logMessage</method>
  <thread>1</thread>
  <message>Object: &amp;apos;Object Repository/SearchCustomer/Page_listData/div_Search&amp;apos; is clicked on</message>
  <nestedLevel>2</nestedLevel>
</record>
<record>
  <date>2020-04-17T23:16:03</date>
  <millis>1587140163857</millis>
  <sequence>149</sequence>
  <level>PASSED</level>
  <class>com.kms.katalon.core.logging.XmlKeywordLogger</class>
  <method>logMessage</method>
  <thread>1</thread>
  <message>Delayed 2 second(s)</message>
  <nestedLevel>2</nestedLevel>
</record>
<record>
  <date>2020-04-17T23:16:03</date>
  <millis>1587140163858</millis>
  <sequence>150</sequence>
  <level>PASSED</level>
  <class>com.kms.katalon.core.logging.XmlKeywordLogger</class>
  <method>logMessage</method>
  <thread>1</thread>
  <message>user klik button search</message>
  <nestedLevel>2</nestedLevel>
</record>
<record>
  <date>2020-04-17T23:16:34</date>
  <millis>1587140194052</millis>
  <sequence>159</sequence>
  <level>PASSED</level>
  <class>com.kms.katalon.core.logging.XmlKeywordLogger</class>
  <method>logMessage</method>
  <thread>1</thread>
  <message>Object: &amp;apos;Object Repository/login/Page_New Delivery System/div_Logout&amp;apos; is clicked on</message>
  <nestedLevel>2</nestedLevel>
</record>
<record>
  <date>2020-04-17T23:16:34</date>
  <millis>1587140194805</millis>
  <sequence>161</sequence>
  <level>PASSED</level>
  <class>com.kms.katalon.core.logging.XmlKeywordLogger</class>
  <method>logMessage</method>
  <thread>1</thread>
  <message>Browser is closed</message>
  <nestedLevel>2</nestedLevel>
</record>
<record>
  <date>2020-04-17T23:16:34</date>
  <millis>1587140194806</millis>
  <sequence>162</sequence>
  <level>PASSED</level>
  <class>com.kms.katalon.core.logging.XmlKeywordLogger</class>
  <method>logMessage</method>
  <thread>1</thread>
  <message>user klik logout</message>
  <nestedLevel>2</nestedLevel>
</record>
<record>
  <date>2020-04-17T23:16:34</date>
  <millis>1587140194806</millis>
  <sequence>163</sequence>
  <level>PASSED</level>
  <class>com.kms.katalon.core.logging.XmlKeywordLogger</class>
  <method>logMessage</method>
  <thread>1</thread>
  <message>SCENARIO Search By Name</message>
  <nestedLevel>2</nestedLevel>
</record>
<record>
  <date>2020-04-17T23:16:34</date>
  <millis>1587140194807</millis>
  <sequence>164</sequence>
  <level>END</level>
  <class>com.kms.katalon.core.logging.XmlKeywordLogger</class>
  <method>endTest</method>
  <thread>1</thread>
  <message>End Test Case : SCENARIO Search By Name</message>
  <nestedLevel>1</nestedLevel>
</record>
<record>
  <date>2020-04-17T23:16:34</date>
  <millis>1587140194819</millis>
  <sequence>165</sequence>
  <level>PASSED</level>
  <class>com.kms.katalon.core.logging.XmlKeywordLogger</class>
  <method>logMessage</method>
  <thread>1</thread>
  <message>Feature file: &amp;apos;include/features/SearchCustomer/SearchByName.feature&amp;apos; was passed</message>
  <nestedLevel>1</nestedLevel>
</record>
<record>
  <date>2020-04-17T23:16:34</date>
  <millis>1587140194819</millis>
  <sequence>166</sequence>
  <level>PASSED</level>
  <class>com.kms.katalon.core.logging.XmlKeywordLogger</class>
  <method>logMessage</method>
  <thread>1</thread>
  <message>Test Cases/SearchCustomerBDD/SearchByName_TglLahir/TC03-SearchByNama_TglLahir</message>
  <nestedLevel>1</nestedLevel>
</record>
<record>
  <date>2020-04-17T23:16:34</date>
  <millis>1587140194820</millis>
  <sequence>167</sequence>
  <level>END</level>
  <class>com.kms.katalon.core.logging.XmlKeywordLogger</class>
  <method>endTest</method>
  <thread>1</thread>
  <message>End Test Case : Test Cases/SearchCustomerBDD/SearchByName_TglLahir/TC03-SearchByNama_TglLahir</message>
  <nestedLevel>0</nestedLevel>
</record>
<record>
  <date>2020-04-17T23:16:34</date>
  <millis>1587140194822</millis>
  <sequence>168</sequence>
  <level>START</level>
  <class>com.kms.katalon.core.logging.XmlKeywordLogger</class>
  <method>startKeyword</method>
  <thread>1</thread>
  <message>Start listener action : exportKatalonReports</message>
  <nestedLevel>0</nestedLevel>
</record>
<record>
  <date>2020-04-17T23:16:34</date>
  <millis>1587140194948</millis>
  <sequence>274</sequence>
  <level>INFO</level>
  <class>com.kms.katalon.core.logging.XmlKeywordLogger</class>
  <method>logMessage</method>
  <thread>1</thread>
  <message>Start generating HTML report folder at: F:\\NDS\\Reports\\20200417_231541\\SearchCustomer\\TS-SearchByNameTglLahir\\20200417_231541...</message>
  <nestedLevel>0</nestedLevel>
</record>
<record>
  <date>2020-04-17T23:16:34</date>
  <millis>1587140194963</millis>
  <sequence>275</sequence>
  <level>INFO</level>
  <class>com.kms.katalon.core.logging.XmlKeywordLogger</class>
  <method>logMessage</method>
  <thread>1</thread>
  <message>HTML report generated</message>
  <nestedLevel>0</nestedLevel>
</record>
<record>
  <date>2020-04-17T23:16:34</date>
  <millis>1587140194963</millis>
  <sequence>276</sequence>
  <level>INFO</level>
  <class>com.kms.katalon.core.logging.XmlKeywordLogger</class>
  <method>logMessage</method>
  <thread>1</thread>
  <message>Start generating CSV report folder at: F:\\NDS\\Reports\\20200417_231541\\SearchCustomer\\TS-SearchByNameTglLahir\\20200417_231541...</message>
  <nestedLevel>0</nestedLevel>
</record>
<record>
  <date>2020-04-17T23:16:34</date>
  <millis>1587140194982</millis>
  <sequence>277</sequence>
  <level>INFO</level>
  <class>com.kms.katalon.core.logging.XmlKeywordLogger</class>
  <method>logMessage</method>
  <thread>1</thread>
  <message>CSV report generated</message>
  <nestedLevel>0</nestedLevel>
</record>
<record>
  <date>2020-04-17T23:16:34</date>
  <millis>1587140194982</millis>
  <sequence>279</sequence>
  <level>END</level>
  <class>com.kms.katalon.core.logging.XmlKeywordLogger</class>
  <method>endKeyword</method>
  <thread>1</thread>
  <message>End listener action : exportKatalonReports</message>
  <nestedLevel>0</nestedLevel>
</record>
<record>
  <date>2020-04-17T23:16:35</date>
  <millis>1587140195030</millis>
  <sequence>280</sequence>
  <level>END</level>
  <class>com.kms.katalon.core.logging.XmlKeywordLogger</class>
  <method>endSuite</method>
  <thread>1</thread>
  <message>End Test Suite : Test Suites/SearchCustomer/TS-SearchByNameTglLahir</message>
  <nestedLevel>0</nestedLevel>
</record>
</log>